<?xml version="1.0" encoding="utf-8"?>
<CoverageSession>
  <Summary numSequencePoints="1056" visitedSequencePoints="170" numBranchPoints="284" visitedBranchPoints="66" sequenceCoverage="16.09" branchCoverage="23.23" maxCyclomaticComplexity="358" minCyclomaticComplexity="358" visitedClasses="10" numClasses="26" visitedMethods="26" numMethods="129" />
  <Modules>
    <Module hash="5094055E-5CC9-4AED-BF3E-6363A31550EF">
      <ModulePath>ReactiveUI.Uno.dll</ModulePath>
      <ModuleTime>2025-09-08T03:43:45</ModuleTime>
      <ModuleName>ReactiveUI.Uno</ModuleName>
      <Files>
        <File uid="1" fullPath="/_/src/ReactiveUI.Uno/obj/Debug/net9.0/Uno.UI.SourceGenerators/Uno.UI.SourceGenerators.UseOpenSansGenerator/UnoUseOpenSansGenerator.g.cs" />
        <File uid="2" fullPath="/home/runner/work/ReactiveUI.Uno/ReactiveUI.Uno/src/ReactiveUI.Uno/UnoDispatcherScheduler.cs" />
        <File uid="3" fullPath="/home/runner/work/ReactiveUI.Uno/ReactiveUI.Uno/src/ReactiveUI.Uno/Builder/UnoReactiveUIBuilderExtensions.cs" />
        <File uid="4" fullPath="/home/runner/work/ReactiveUI.Uno/ReactiveUI.Uno/src/ReactiveUI.Uno/ActivationForViewFetcher.cs" />
        <File uid="5" fullPath="/home/runner/work/ReactiveUI.Uno/ReactiveUI.Uno/src/ReactiveUI.Uno/ActivationHelper.cs" />
        <File uid="6" fullPath="/home/runner/work/ReactiveUI.Uno/ReactiveUI.Uno/src/ReactiveUI.Uno/AppBootstrapper.cs" />
        <File uid="7" fullPath="/home/runner/work/ReactiveUI.Uno/ReactiveUI.Uno/src/ReactiveUI.Uno/Common/AutoDataTemplateBindingHook.cs" />
        <File uid="8" fullPath="/home/runner/work/ReactiveUI.Uno/ReactiveUI.Uno/src/ReactiveUI.Uno/Common/BooleanToVisibilityTypeConverter.cs" />
        <File uid="9" fullPath="/home/runner/work/ReactiveUI.Uno/ReactiveUI.Uno/src/ReactiveUI.Uno/Common/PlatformOperations.cs" />
        <File uid="10" fullPath="/home/runner/work/ReactiveUI.Uno/ReactiveUI.Uno/src/ReactiveUI.Uno/Common/ReactivePage.cs" />
        <File uid="11" fullPath="/_/src/ReactiveUI.Uno/obj/Debug/net9.0/Uno.UI.SourceGenerators/Uno.UI.SourceGenerators.ImplementedRoutedEvents.ImplementedRoutedEventsGenerator/ReactiveUI.Uno.ReactivePage-1_ImplementedRoutedEvents.g.cs" />
        <File uid="12" fullPath="/home/runner/work/ReactiveUI.Uno/ReactiveUI.Uno/src/ReactiveUI.Uno/Common/ReactiveUserControl.cs" />
        <File uid="13" fullPath="/_/src/ReactiveUI.Uno/obj/Debug/net9.0/Uno.UI.SourceGenerators/Uno.UI.SourceGenerators.ImplementedRoutedEvents.ImplementedRoutedEventsGenerator/ReactiveUI.Uno.ReactiveUserControl-1_ImplementedRoutedEvents.g.cs" />
        <File uid="14" fullPath="/home/runner/work/ReactiveUI.Uno/ReactiveUI.Uno/src/ReactiveUI.Uno/Common/RoutedViewHost.cs" />
        <File uid="15" fullPath="/_/src/ReactiveUI.Uno/obj/Debug/net9.0/Uno.UI.SourceGenerators/Uno.UI.SourceGenerators.ImplementedRoutedEvents.ImplementedRoutedEventsGenerator/ReactiveUI.Uno.RoutedViewHost_ImplementedRoutedEvents.g.cs" />
        <File uid="16" fullPath="/home/runner/work/ReactiveUI.Uno/ReactiveUI.Uno/src/ReactiveUI.Uno/Common/ViewModelViewHost.cs" />
        <File uid="17" fullPath="/_/src/ReactiveUI.Uno/obj/Debug/net9.0/Uno.UI.SourceGenerators/Uno.UI.SourceGenerators.ImplementedRoutedEvents.ImplementedRoutedEventsGenerator/ReactiveUI.Uno.ViewModelViewHost_ImplementedRoutedEvents.g.cs" />
        <File uid="18" fullPath="/home/runner/work/ReactiveUI.Uno/ReactiveUI.Uno/src/ReactiveUI.Uno/DependencyObjectObservableForProperty.cs" />
        <File uid="19" fullPath="/home/runner/work/ReactiveUI.Uno/ReactiveUI.Uno/src/ReactiveUI.Uno/ReactiveUIUnoDictionary.cs" />
        <File uid="20" fullPath="/home/runner/work/ReactiveUI.Uno/ReactiveUI.Uno/src/ReactiveUI.Uno/Registrations.cs" />
        <File uid="21" fullPath="/_/src/ReactiveUI.Uno/obj/Debug/net9.0/Uno.UI.SourceGenerators/Uno.UI.SourceGenerators.ImplementedRoutedEvents.ImplementedRoutedEventsGenerator/ReactiveUI.Uno.TransitioningContentControl_ImplementedRoutedEvents.g.cs" />
        <File uid="22" fullPath="/home/runner/work/ReactiveUI.Uno/ReactiveUI.Uno/src/ReactiveUI.Uno/WinRTAppDataDriver.cs" />
        <File uid="23" fullPath="/_/src/ReactiveUI.Uno/obj/Debug/net9.0/Uno.UI.SourceGenerators/Uno.UI.SourceGenerators.XamlGenerator.XamlCodeGenerator/ReactiveUI_Uno_b1121af5885633c236ad5cfeeb1c5846.cs" />
        <File uid="24" fullPath="/_/src/ReactiveUI.Uno/obj/Debug/net9.0/Uno.UI.SourceGenerators/Uno.UI.SourceGenerators.XamlGenerator.XamlCodeGenerator/GlobalStaticResources.cs" />
        <File uid="25" fullPath="/_/src/ReactiveUI.Uno/obj/Debug/net9.0/Uno.UI.SourceGenerators/Uno.UI.SourceGenerators.XamlGenerator.XamlCodeGenerator/EmbeddedXamlSources.cs" />
      </Files>
      <Classes>
        <Class>
          <Summary numSequencePoints="3" visitedSequencePoints="3" numBranchPoints="0" visitedBranchPoints="0" sequenceCoverage="100" branchCoverage="100" maxCyclomaticComplexity="1" minCyclomaticComplexity="1" visitedClasses="1" numClasses="1" visitedMethods="1" numMethods="1" />
          <FullName>__UnoUseOpenSansInitializer</FullName>
          <Methods>
            <Method cyclomaticComplexity="1" nPathComplexity="1" sequenceCoverage="100" branchCoverage="100" isConstructor="False" isGetter="False" isSetter="False" isStatic="True">
              <Summary numSequencePoints="3" visitedSequencePoints="3" numBranchPoints="0" visitedBranchPoints="0" sequenceCoverage="100" branchCoverage="100" maxCyclomaticComplexity="1" minCyclomaticComplexity="1" visitedClasses="0" numClasses="0" visitedMethods="1" numMethods="1" />
              <MetadataToken />
              <Name>System.Void __UnoUseOpenSansInitializer::Initialize()</Name>
              <FileRef uid="1" />
              <SequencePoints>
                <SequencePoint vc="1" uspid="5" ordinal="0" sl="5" sc="1" el="5" ec="2" bec="0" bev="0" fileid="1" />
                <SequencePoint vc="1" uspid="6" ordinal="1" sl="6" sc="1" el="6" ec="2" bec="0" bev="0" fileid="1" />
                <SequencePoint vc="1" uspid="7" ordinal="2" sl="7" sc="1" el="7" ec="2" bec="0" bev="0" fileid="1" />
              </SequencePoints>
              <BranchPoints />
              <MethodPoint vc="3" uspid="0" p8:type="SequencePoint" ordinal="0" offset="0" sc="0" sl="5" ec="1" el="7" bec="0" bev="0" fileid="1" xmlns:p8="xsi" />
            </Method>
          </Methods>
        </Class>
        <Class>
          <Summary numSequencePoints="133" visitedSequencePoints="0" numBranchPoints="30" visitedBranchPoints="0" sequenceCoverage="0" branchCoverage="0" maxCyclomaticComplexity="8" minCyclomaticComplexity="1" visitedClasses="0" numClasses="1" visitedMethods="0" numMethods="9" />
          <FullName>System.Reactive.Concurrency.UnoDispatcherScheduler</FullName>
          <Methods>
            <Method cyclomaticComplexity="2" nPathComplexity="2" sequenceCoverage="0" branchCoverage="0" isConstructor="False" isGetter="True" isSetter="False" isStatic="True">
              <Summary numSequencePoints="7" visitedSequencePoints="0" numBranchPoints="2" visitedBranchPoints="0" sequenceCoverage="0" branchCoverage="0" maxCyclomaticComplexity="2" minCyclomaticComplexity="2" visitedClasses="0" numClasses="0" visitedMethods="0" numMethods="1" />
              <MetadataToken />
              <Name>System.Reactive.Concurrency.UnoDispatcherScheduler System.Reactive.Concurrency.UnoDispatcherScheduler::get_Current()</Name>
              <FileRef uid="2" />
              <SequencePoints>
                <SequencePoint vc="0" uspid="53" ordinal="0" sl="53" sc="1" el="53" ec="2" bec="0" bev="0" fileid="2" />
                <SequencePoint vc="0" uspid="54" ordinal="1" sl="54" sc="1" el="54" ec="2" bec="0" bev="0" fileid="2" />
                <SequencePoint vc="0" uspid="55" ordinal="2" sl="55" sc="1" el="55" ec="2" bec="2" bev="0" fileid="2" />
                <SequencePoint vc="0" uspid="56" ordinal="3" sl="56" sc="1" el="56" ec="2" bec="0" bev="0" fileid="2" />
                <SequencePoint vc="0" uspid="57" ordinal="4" sl="57" sc="1" el="57" ec="2" bec="0" bev="0" fileid="2" />
                <SequencePoint vc="0" uspid="60" ordinal="5" sl="60" sc="1" el="60" ec="2" bec="0" bev="0" fileid="2" />
                <SequencePoint vc="0" uspid="61" ordinal="6" sl="61" sc="1" el="61" ec="2" bec="0" bev="0" fileid="2" />
              </SequencePoints>
              <BranchPoints>
                <BranchPoint vc="0" uspid="55" ordinal="0" path="0" offset="13" offsetend="15" sl="55" fileid="2" />
                <BranchPoint vc="0" uspid="55" ordinal="1" path="1" offset="13" offsetend="27" sl="55" fileid="2" />
              </BranchPoints>
              <MethodPoint vc="0" uspid="0" p8:type="SequencePoint" ordinal="0" offset="0" sc="0" sl="53" ec="1" el="61" bec="0" bev="0" fileid="2" xmlns:p8="xsi" />
            </Method>
            <Method cyclomaticComplexity="1" nPathComplexity="1" sequenceCoverage="0" branchCoverage="100" isConstructor="False" isGetter="True" isSetter="False" isStatic="True">
              <Summary numSequencePoints="1" visitedSequencePoints="0" numBranchPoints="0" visitedBranchPoints="0" sequenceCoverage="0" branchCoverage="100" maxCyclomaticComplexity="1" minCyclomaticComplexity="1" visitedClasses="0" numClasses="0" visitedMethods="0" numMethods="1" />
              <MetadataToken />
              <Name>Windows.UI.Core.CoreDispatcher System.Reactive.Concurrency.UnoDispatcherScheduler::get_Dispatcher()</Name>
              <FileRef uid="2" />
              <SequencePoints>
                <SequencePoint vc="0" uspid="67" ordinal="0" sl="67" sc="1" el="67" ec="2" bec="0" bev="0" fileid="2" />
              </SequencePoints>
              <BranchPoints />
              <MethodPoint vc="0" uspid="0" p8:type="SequencePoint" ordinal="1" offset="1" sc="0" sl="67" ec="1" el="67" bec="0" bev="0" fileid="2" xmlns:p8="xsi" />
            </Method>
            <Method cyclomaticComplexity="1" nPathComplexity="1" sequenceCoverage="0" branchCoverage="100" isConstructor="False" isGetter="True" isSetter="False" isStatic="True">
              <Summary numSequencePoints="1" visitedSequencePoints="0" numBranchPoints="0" visitedBranchPoints="0" sequenceCoverage="0" branchCoverage="100" maxCyclomaticComplexity="1" minCyclomaticComplexity="1" visitedClasses="0" numClasses="0" visitedMethods="0" numMethods="1" />
              <MetadataToken />
              <Name>Windows.UI.Core.CoreDispatcherPriority System.Reactive.Concurrency.UnoDispatcherScheduler::get_Priority()</Name>
              <FileRef uid="2" />
              <SequencePoints>
                <SequencePoint vc="0" uspid="72" ordinal="0" sl="72" sc="1" el="72" ec="2" bec="0" bev="0" fileid="2" />
              </SequencePoints>
              <BranchPoints />
              <MethodPoint vc="0" uspid="0" p8:type="SequencePoint" ordinal="2" offset="2" sc="0" sl="72" ec="1" el="72" bec="0" bev="0" fileid="2" xmlns:p8="xsi" />
            </Method>
            <Method cyclomaticComplexity="6" nPathComplexity="6" sequenceCoverage="0" branchCoverage="0" isConstructor="False" isGetter="False" isSetter="False" isStatic="True">
              <Summary numSequencePoints="45" visitedSequencePoints="0" numBranchPoints="6" visitedBranchPoints="0" sequenceCoverage="0" branchCoverage="0" maxCyclomaticComplexity="6" minCyclomaticComplexity="6" visitedClasses="0" numClasses="0" visitedMethods="0" numMethods="1" />
              <MetadataToken />
              <Name>System.IDisposable System.Reactive.Concurrency.UnoDispatcherScheduler::Schedule(TState,System.Func`3&lt;System.Reactive.Concurrency.IScheduler,TState,System.IDisposable&gt;)</Name>
              <FileRef uid="2" />
              <SequencePoints>
                <SequencePoint vc="0" uspid="83" ordinal="0" sl="83" sc="1" el="83" ec="2" bec="0" bev="0" fileid="2" />
                <SequencePoint vc="0" uspid="84" ordinal="1" sl="84" sc="1" el="84" ec="2" bec="2" bev="0" fileid="2" />
                <SequencePoint vc="0" uspid="85" ordinal="2" sl="85" sc="1" el="85" ec="2" bec="0" bev="0" fileid="2" />
                <SequencePoint vc="0" uspid="86" ordinal="3" sl="86" sc="1" el="86" ec="2" bec="0" bev="0" fileid="2" />
                <SequencePoint vc="0" uspid="89" ordinal="4" sl="89" sc="1" el="89" ec="2" bec="0" bev="0" fileid="2" />
                <SequencePoint vc="0" uspid="91" ordinal="5" sl="91" sc="1" el="91" ec="2" bec="0" bev="0" fileid="2" />
                <SequencePoint vc="0" uspid="92" ordinal="6" sl="92" sc="1" el="92" ec="2" bec="0" bev="0" fileid="2" />
                <SequencePoint vc="0" uspid="93" ordinal="7" sl="93" sc="1" el="93" ec="2" bec="2" bev="0" fileid="2" />
                <SequencePoint vc="0" uspid="94" ordinal="8" sl="94" sc="1" el="94" ec="2" bec="0" bev="0" fileid="2" />
                <SequencePoint vc="0" uspid="95" ordinal="9" sl="95" sc="1" el="95" ec="2" bec="0" bev="0" fileid="2" />
                <SequencePoint vc="0" uspid="96" ordinal="10" sl="96" sc="1" el="96" ec="2" bec="0" bev="0" fileid="2" />
                <SequencePoint vc="0" uspid="97" ordinal="11" sl="97" sc="1" el="97" ec="2" bec="0" bev="0" fileid="2" />
                <SequencePoint vc="0" uspid="98" ordinal="12" sl="98" sc="1" el="98" ec="2" bec="0" bev="0" fileid="2" />
                <SequencePoint vc="0" uspid="99" ordinal="13" sl="99" sc="1" el="99" ec="2" bec="0" bev="0" fileid="2" />
                <SequencePoint vc="0" uspid="100" ordinal="14" sl="100" sc="1" el="100" ec="2" bec="0" bev="0" fileid="2" />
                <SequencePoint vc="0" uspid="101" ordinal="15" sl="101" sc="1" el="101" ec="2" bec="0" bev="0" fileid="2" />
                <SequencePoint vc="0" uspid="102" ordinal="16" sl="102" sc="1" el="102" ec="2" bec="0" bev="0" fileid="2" />
                <SequencePoint vc="0" uspid="103" ordinal="17" sl="103" sc="1" el="103" ec="2" bec="0" bev="0" fileid="2" />
                <SequencePoint vc="0" uspid="104" ordinal="18" sl="104" sc="1" el="104" ec="2" bec="0" bev="0" fileid="2" />
                <SequencePoint vc="0" uspid="105" ordinal="19" sl="105" sc="1" el="105" ec="2" bec="0" bev="0" fileid="2" />
                <SequencePoint vc="0" uspid="106" ordinal="20" sl="106" sc="1" el="106" ec="2" bec="0" bev="0" fileid="2" />
                <SequencePoint vc="0" uspid="107" ordinal="21" sl="107" sc="1" el="107" ec="2" bec="0" bev="0" fileid="2" />
                <SequencePoint vc="0" uspid="108" ordinal="22" sl="108" sc="1" el="108" ec="2" bec="0" bev="0" fileid="2" />
                <SequencePoint vc="0" uspid="109" ordinal="23" sl="109" sc="1" el="109" ec="2" bec="0" bev="0" fileid="2" />
                <SequencePoint vc="0" uspid="110" ordinal="24" sl="110" sc="1" el="110" ec="2" bec="0" bev="0" fileid="2" />
                <SequencePoint vc="0" uspid="111" ordinal="25" sl="111" sc="1" el="111" ec="2" bec="0" bev="0" fileid="2" />
                <SequencePoint vc="0" uspid="112" ordinal="26" sl="112" sc="1" el="112" ec="2" bec="0" bev="0" fileid="2" />
                <SequencePoint vc="0" uspid="113" ordinal="27" sl="113" sc="1" el="113" ec="2" bec="0" bev="0" fileid="2" />
                <SequencePoint vc="0" uspid="114" ordinal="28" sl="114" sc="1" el="114" ec="2" bec="0" bev="0" fileid="2" />
                <SequencePoint vc="0" uspid="115" ordinal="29" sl="115" sc="1" el="115" ec="2" bec="0" bev="0" fileid="2" />
                <SequencePoint vc="0" uspid="116" ordinal="30" sl="116" sc="1" el="116" ec="2" bec="0" bev="0" fileid="2" />
                <SequencePoint vc="0" uspid="117" ordinal="31" sl="117" sc="1" el="117" ec="2" bec="0" bev="0" fileid="2" />
                <SequencePoint vc="0" uspid="118" ordinal="32" sl="118" sc="1" el="118" ec="2" bec="0" bev="0" fileid="2" />
                <SequencePoint vc="0" uspid="119" ordinal="33" sl="119" sc="1" el="119" ec="2" bec="0" bev="0" fileid="2" />
                <SequencePoint vc="0" uspid="120" ordinal="34" sl="120" sc="1" el="120" ec="2" bec="0" bev="0" fileid="2" />
                <SequencePoint vc="0" uspid="121" ordinal="35" sl="121" sc="1" el="121" ec="2" bec="0" bev="0" fileid="2" />
                <SequencePoint vc="0" uspid="122" ordinal="36" sl="122" sc="1" el="122" ec="2" bec="0" bev="0" fileid="2" />
                <SequencePoint vc="0" uspid="123" ordinal="37" sl="123" sc="1" el="123" ec="2" bec="0" bev="0" fileid="2" />
                <SequencePoint vc="0" uspid="124" ordinal="38" sl="124" sc="1" el="124" ec="2" bec="0" bev="0" fileid="2" />
                <SequencePoint vc="0" uspid="125" ordinal="39" sl="125" sc="1" el="125" ec="2" bec="0" bev="0" fileid="2" />
                <SequencePoint vc="0" uspid="127" ordinal="40" sl="127" sc="1" el="127" ec="2" bec="2" bev="0" fileid="2" />
                <SequencePoint vc="0" uspid="128" ordinal="41" sl="128" sc="1" el="128" ec="2" bec="0" bev="0" fileid="2" />
                <SequencePoint vc="0" uspid="129" ordinal="42" sl="129" sc="1" el="129" ec="2" bec="0" bev="0" fileid="2" />
                <SequencePoint vc="0" uspid="130" ordinal="43" sl="130" sc="1" el="130" ec="2" bec="0" bev="0" fileid="2" />
                <SequencePoint vc="0" uspid="131" ordinal="44" sl="131" sc="1" el="131" ec="2" bec="0" bev="0" fileid="2" />
              </SequencePoints>
              <BranchPoints>
                <BranchPoint vc="0" uspid="84" ordinal="0" path="0" offset="39" offsetend="41" sl="84" fileid="2" />
                <BranchPoint vc="0" uspid="84" ordinal="1" path="1" offset="39" offsetend="53" sl="84" fileid="2" />
                <BranchPoint vc="0" uspid="127" ordinal="2" path="0" offset="107" offsetend="109" sl="127" fileid="2" />
                <BranchPoint vc="0" uspid="127" ordinal="3" path="1" offset="107" offsetend="132" sl="127" fileid="2" />
                <BranchPoint vc="0" uspid="93" ordinal="0" path="0" offset="17" offsetend="22" sl="93" fileid="2" />
                <BranchPoint vc="0" uspid="93" ordinal="1" path="1" offset="17" offsetend="153" sl="93" fileid="2" />
              </BranchPoints>
              <MethodPoint vc="0" uspid="0" p8:type="SequencePoint" ordinal="3" offset="3" sc="0" sl="83" ec="1" el="131" bec="0" bev="0" fileid="2" xmlns:p8="xsi" />
            </Method>
            <Method cyclomaticComplexity="4" nPathComplexity="4" sequenceCoverage="0" branchCoverage="0" isConstructor="False" isGetter="False" isSetter="False" isStatic="True">
              <Summary numSequencePoints="10" visitedSequencePoints="0" numBranchPoints="4" visitedBranchPoints="0" sequenceCoverage="0" branchCoverage="0" maxCyclomaticComplexity="4" minCyclomaticComplexity="4" visitedClasses="0" numClasses="0" visitedMethods="0" numMethods="1" />
              <MetadataToken />
              <Name>System.IDisposable System.Reactive.Concurrency.UnoDispatcherScheduler::Schedule(TState,System.TimeSpan,System.Func`3&lt;System.Reactive.Concurrency.IScheduler,TState,System.IDisposable&gt;)</Name>
              <FileRef uid="2" />
              <SequencePoints>
                <SequencePoint vc="0" uspid="143" ordinal="0" sl="143" sc="1" el="143" ec="2" bec="0" bev="0" fileid="2" />
                <SequencePoint vc="0" uspid="144" ordinal="1" sl="144" sc="1" el="144" ec="2" bec="2" bev="0" fileid="2" />
                <SequencePoint vc="0" uspid="145" ordinal="2" sl="145" sc="1" el="145" ec="2" bec="0" bev="0" fileid="2" />
                <SequencePoint vc="0" uspid="146" ordinal="3" sl="146" sc="1" el="146" ec="2" bec="0" bev="0" fileid="2" />
                <SequencePoint vc="0" uspid="149" ordinal="4" sl="149" sc="1" el="149" ec="2" bec="0" bev="0" fileid="2" />
                <SequencePoint vc="0" uspid="150" ordinal="5" sl="150" sc="1" el="150" ec="2" bec="2" bev="0" fileid="2" />
                <SequencePoint vc="0" uspid="151" ordinal="6" sl="151" sc="1" el="151" ec="2" bec="0" bev="0" fileid="2" />
                <SequencePoint vc="0" uspid="152" ordinal="7" sl="152" sc="1" el="152" ec="2" bec="0" bev="0" fileid="2" />
                <SequencePoint vc="0" uspid="155" ordinal="8" sl="155" sc="1" el="155" ec="2" bec="0" bev="0" fileid="2" />
                <SequencePoint vc="0" uspid="156" ordinal="9" sl="156" sc="1" el="156" ec="2" bec="0" bev="0" fileid="2" />
              </SequencePoints>
              <BranchPoints>
                <BranchPoint vc="0" uspid="144" ordinal="0" path="0" offset="7" offsetend="9" sl="144" fileid="2" />
                <BranchPoint vc="0" uspid="144" ordinal="1" path="1" offset="7" offsetend="21" sl="144" fileid="2" />
                <BranchPoint vc="0" uspid="150" ordinal="2" path="0" offset="41" offsetend="43" sl="150" fileid="2" />
                <BranchPoint vc="0" uspid="150" ordinal="3" path="1" offset="41" offsetend="55" sl="150" fileid="2" />
              </BranchPoints>
              <MethodPoint vc="0" uspid="0" p8:type="SequencePoint" ordinal="4" offset="4" sc="0" sl="143" ec="1" el="156" bec="0" bev="0" fileid="2" xmlns:p8="xsi" />
            </Method>
            <Method cyclomaticComplexity="6" nPathComplexity="6" sequenceCoverage="0" branchCoverage="0" isConstructor="False" isGetter="False" isSetter="False" isStatic="True">
              <Summary numSequencePoints="34" visitedSequencePoints="0" numBranchPoints="6" visitedBranchPoints="0" sequenceCoverage="0" branchCoverage="0" maxCyclomaticComplexity="6" minCyclomaticComplexity="6" visitedClasses="0" numClasses="0" visitedMethods="0" numMethods="1" />
              <MetadataToken />
              <Name>System.IDisposable System.Reactive.Concurrency.UnoDispatcherScheduler::ScheduleSlow(TState,System.TimeSpan,System.Func`3&lt;System.Reactive.Concurrency.IScheduler,TState,System.IDisposable&gt;)</Name>
              <FileRef uid="2" />
              <SequencePoints>
                <SequencePoint vc="0" uspid="159" ordinal="0" sl="159" sc="1" el="159" ec="2" bec="0" bev="0" fileid="2" />
                <SequencePoint vc="0" uspid="160" ordinal="1" sl="160" sc="1" el="160" ec="2" bec="0" bev="0" fileid="2" />
                <SequencePoint vc="0" uspid="162" ordinal="2" sl="162" sc="1" el="162" ec="2" bec="0" bev="0" fileid="2" />
                <SequencePoint vc="0" uspid="164" ordinal="3" sl="164" sc="1" el="164" ec="2" bec="0" bev="0" fileid="2" />
                <SequencePoint vc="0" uspid="165" ordinal="4" sl="165" sc="1" el="165" ec="2" bec="0" bev="0" fileid="2" />
                <SequencePoint vc="0" uspid="166" ordinal="5" sl="166" sc="1" el="166" ec="2" bec="0" bev="0" fileid="2" />
                <SequencePoint vc="0" uspid="167" ordinal="6" sl="167" sc="1" el="167" ec="2" bec="2" bev="0" fileid="2" />
                <SequencePoint vc="0" uspid="168" ordinal="7" sl="168" sc="1" el="168" ec="2" bec="0" bev="0" fileid="2" />
                <SequencePoint vc="0" uspid="169" ordinal="8" sl="169" sc="1" el="169" ec="2" bec="0" bev="0" fileid="2" />
                <SequencePoint vc="0" uspid="170" ordinal="9" sl="170" sc="1" el="170" ec="2" bec="0" bev="0" fileid="2" />
                <SequencePoint vc="0" uspid="171" ordinal="10" sl="171" sc="1" el="171" ec="2" bec="0" bev="0" fileid="2" />
                <SequencePoint vc="0" uspid="172" ordinal="11" sl="172" sc="1" el="172" ec="2" bec="0" bev="0" fileid="2" />
                <SequencePoint vc="0" uspid="173" ordinal="12" sl="173" sc="1" el="173" ec="2" bec="0" bev="0" fileid="2" />
                <SequencePoint vc="0" uspid="174" ordinal="13" sl="174" sc="1" el="174" ec="2" bec="0" bev="0" fileid="2" />
                <SequencePoint vc="0" uspid="175" ordinal="14" sl="175" sc="1" el="175" ec="2" bec="0" bev="0" fileid="2" />
                <SequencePoint vc="0" uspid="176" ordinal="15" sl="176" sc="1" el="176" ec="2" bec="0" bev="0" fileid="2" />
                <SequencePoint vc="0" uspid="177" ordinal="16" sl="177" sc="1" el="177" ec="2" bec="0" bev="0" fileid="2" />
                <SequencePoint vc="0" uspid="178" ordinal="17" sl="178" sc="1" el="178" ec="2" bec="0" bev="0" fileid="2" />
                <SequencePoint vc="0" uspid="179" ordinal="18" sl="179" sc="1" el="179" ec="2" bec="0" bev="0" fileid="2" />
                <SequencePoint vc="0" uspid="180" ordinal="19" sl="180" sc="1" el="180" ec="2" bec="0" bev="0" fileid="2" />
                <SequencePoint vc="0" uspid="181" ordinal="20" sl="181" sc="1" el="181" ec="2" bec="0" bev="0" fileid="2" />
                <SequencePoint vc="0" uspid="183" ordinal="21" sl="183" sc="1" el="183" ec="2" bec="0" bev="0" fileid="2" />
                <SequencePoint vc="0" uspid="184" ordinal="22" sl="184" sc="1" el="184" ec="2" bec="0" bev="0" fileid="2" />
                <SequencePoint vc="0" uspid="186" ordinal="23" sl="186" sc="1" el="186" ec="2" bec="0" bev="0" fileid="2" />
                <SequencePoint vc="0" uspid="187" ordinal="24" sl="187" sc="1" el="187" ec="2" bec="0" bev="0" fileid="2" />
                <SequencePoint vc="0" uspid="188" ordinal="25" sl="188" sc="1" el="188" ec="2" bec="0" bev="0" fileid="2" />
                <SequencePoint vc="0" uspid="189" ordinal="26" sl="189" sc="1" el="189" ec="2" bec="2" bev="0" fileid="2" />
                <SequencePoint vc="0" uspid="190" ordinal="27" sl="190" sc="1" el="190" ec="2" bec="0" bev="0" fileid="2" />
                <SequencePoint vc="0" uspid="191" ordinal="28" sl="191" sc="1" el="191" ec="2" bec="0" bev="0" fileid="2" />
                <SequencePoint vc="0" uspid="192" ordinal="29" sl="192" sc="1" el="192" ec="2" bec="2" bev="0" fileid="2" />
                <SequencePoint vc="0" uspid="193" ordinal="30" sl="193" sc="1" el="193" ec="2" bec="0" bev="0" fileid="2" />
                <SequencePoint vc="0" uspid="194" ordinal="31" sl="194" sc="1" el="194" ec="2" bec="0" bev="0" fileid="2" />
                <SequencePoint vc="0" uspid="196" ordinal="32" sl="196" sc="1" el="196" ec="2" bec="0" bev="0" fileid="2" />
                <SequencePoint vc="0" uspid="197" ordinal="33" sl="197" sc="1" el="197" ec="2" bec="0" bev="0" fileid="2" />
              </SequencePoints>
              <BranchPoints>
                <BranchPoint vc="0" uspid="167" ordinal="0" path="0" offset="20" offsetend="22" sl="167" fileid="2" />
                <BranchPoint vc="0" uspid="167" ordinal="1" path="1" offset="20" offsetend="80" sl="167" fileid="2" />
                <BranchPoint vc="0" uspid="189" ordinal="0" path="0" offset="20" offsetend="22" sl="189" fileid="2" />
                <BranchPoint vc="0" uspid="192" ordinal="2" path="0" offset="37" offsetend="39" sl="192" fileid="2" />
                <BranchPoint vc="0" uspid="192" ordinal="3" path="1" offset="37" offsetend="62" sl="192" fileid="2" />
                <BranchPoint vc="0" uspid="189" ordinal="1" path="1" offset="20" offsetend="68" sl="189" fileid="2" />
              </BranchPoints>
              <MethodPoint vc="0" uspid="0" p8:type="SequencePoint" ordinal="5" offset="5" sc="0" sl="159" ec="1" el="197" bec="0" bev="0" fileid="2" xmlns:p8="xsi" />
            </Method>
            <Method cyclomaticComplexity="8" nPathComplexity="8" sequenceCoverage="0" branchCoverage="0" isConstructor="False" isGetter="False" isSetter="False" isStatic="True">
              <Summary numSequencePoints="25" visitedSequencePoints="0" numBranchPoints="8" visitedBranchPoints="0" sequenceCoverage="0" branchCoverage="0" maxCyclomaticComplexity="8" minCyclomaticComplexity="8" visitedClasses="0" numClasses="0" visitedMethods="0" numMethods="1" />
              <MetadataToken />
              <Name>System.IDisposable System.Reactive.Concurrency.UnoDispatcherScheduler::SchedulePeriodic(TState,System.TimeSpan,System.Func`2&lt;TState,TState&gt;)</Name>
              <FileRef uid="2" />
              <SequencePoints>
                <SequencePoint vc="0" uspid="210" ordinal="0" sl="210" sc="1" el="210" ec="2" bec="0" bev="0" fileid="2" />
                <SequencePoint vc="0" uspid="215" ordinal="1" sl="215" sc="1" el="215" ec="2" bec="2" bev="0" fileid="2" />
                <SequencePoint vc="0" uspid="216" ordinal="2" sl="216" sc="1" el="216" ec="2" bec="0" bev="0" fileid="2" />
                <SequencePoint vc="0" uspid="217" ordinal="3" sl="217" sc="1" el="217" ec="2" bec="0" bev="0" fileid="2" />
                <SequencePoint vc="0" uspid="220" ordinal="4" sl="220" sc="1" el="220" ec="2" bec="2" bev="0" fileid="2" />
                <SequencePoint vc="0" uspid="221" ordinal="5" sl="221" sc="1" el="221" ec="2" bec="0" bev="0" fileid="2" />
                <SequencePoint vc="0" uspid="222" ordinal="6" sl="222" sc="1" el="222" ec="2" bec="0" bev="0" fileid="2" />
                <SequencePoint vc="0" uspid="225" ordinal="7" sl="225" sc="1" el="225" ec="2" bec="0" bev="0" fileid="2" />
                <SequencePoint vc="0" uspid="227" ordinal="8" sl="227" sc="1" el="227" ec="2" bec="0" bev="0" fileid="2" />
                <SequencePoint vc="0" uspid="229" ordinal="9" sl="229" sc="1" el="229" ec="2" bec="0" bev="0" fileid="2" />
                <SequencePoint vc="0" uspid="230" ordinal="10" sl="230" sc="1" el="230" ec="2" bec="0" bev="0" fileid="2" />
                <SequencePoint vc="0" uspid="231" ordinal="11" sl="231" sc="1" el="231" ec="2" bec="0" bev="0" fileid="2" />
                <SequencePoint vc="0" uspid="232" ordinal="12" sl="232" sc="1" el="232" ec="2" bec="0" bev="0" fileid="2" />
                <SequencePoint vc="0" uspid="234" ordinal="13" sl="234" sc="1" el="234" ec="2" bec="0" bev="0" fileid="2" />
                <SequencePoint vc="0" uspid="235" ordinal="14" sl="235" sc="1" el="235" ec="2" bec="0" bev="0" fileid="2" />
                <SequencePoint vc="0" uspid="237" ordinal="15" sl="237" sc="1" el="237" ec="2" bec="0" bev="0" fileid="2" />
                <SequencePoint vc="0" uspid="238" ordinal="16" sl="238" sc="1" el="238" ec="2" bec="0" bev="0" fileid="2" />
                <SequencePoint vc="0" uspid="239" ordinal="17" sl="239" sc="1" el="239" ec="2" bec="0" bev="0" fileid="2" />
                <SequencePoint vc="0" uspid="240" ordinal="18" sl="240" sc="1" el="240" ec="2" bec="2" bev="0" fileid="2" />
                <SequencePoint vc="0" uspid="241" ordinal="19" sl="241" sc="1" el="241" ec="2" bec="0" bev="0" fileid="2" />
                <SequencePoint vc="0" uspid="242" ordinal="20" sl="242" sc="1" el="242" ec="2" bec="0" bev="0" fileid="2" />
                <SequencePoint vc="0" uspid="243" ordinal="21" sl="243" sc="1" el="243" ec="2" bec="2" bev="0" fileid="2" />
                <SequencePoint vc="0" uspid="244" ordinal="22" sl="244" sc="1" el="244" ec="2" bec="0" bev="0" fileid="2" />
                <SequencePoint vc="0" uspid="245" ordinal="23" sl="245" sc="1" el="245" ec="2" bec="0" bev="0" fileid="2" />
                <SequencePoint vc="0" uspid="246" ordinal="24" sl="246" sc="1" el="246" ec="2" bec="0" bev="0" fileid="2" />
              </SequencePoints>
              <BranchPoints>
                <BranchPoint vc="0" uspid="215" ordinal="0" path="0" offset="27" offsetend="29" sl="215" fileid="2" />
                <BranchPoint vc="0" uspid="215" ordinal="1" path="1" offset="27" offsetend="41" sl="215" fileid="2" />
                <BranchPoint vc="0" uspid="220" ordinal="2" path="0" offset="52" offsetend="54" sl="220" fileid="2" />
                <BranchPoint vc="0" uspid="220" ordinal="3" path="1" offset="52" offsetend="66" sl="220" fileid="2" />
                <BranchPoint vc="0" uspid="240" ordinal="0" path="0" offset="20" offsetend="22" sl="240" fileid="2" />
                <BranchPoint vc="0" uspid="243" ordinal="2" path="0" offset="37" offsetend="39" sl="243" fileid="2" />
                <BranchPoint vc="0" uspid="243" ordinal="3" path="1" offset="37" offsetend="62" sl="243" fileid="2" />
                <BranchPoint vc="0" uspid="240" ordinal="1" path="1" offset="20" offsetend="68" sl="240" fileid="2" />
              </BranchPoints>
              <MethodPoint vc="0" uspid="0" p8:type="SequencePoint" ordinal="6" offset="6" sc="0" sl="210" ec="1" el="246" bec="0" bev="0" fileid="2" xmlns:p8="xsi" />
            </Method>
            <Method cyclomaticComplexity="2" nPathComplexity="2" sequenceCoverage="0" branchCoverage="0" isConstructor="True" isGetter="False" isSetter="False" isStatic="True">
              <Summary numSequencePoints="5" visitedSequencePoints="0" numBranchPoints="2" visitedBranchPoints="0" sequenceCoverage="0" branchCoverage="0" maxCyclomaticComplexity="2" minCyclomaticComplexity="2" visitedClasses="0" numClasses="0" visitedMethods="0" numMethods="1" />
              <MetadataToken />
              <Name>System.Void System.Reactive.Concurrency.UnoDispatcherScheduler::.ctor(Windows.UI.Core.CoreDispatcher)</Name>
              <FileRef uid="2" />
              <SequencePoints>
                <SequencePoint vc="0" uspid="29" ordinal="0" sl="29" sc="1" el="29" ec="2" bec="0" bev="0" fileid="2" />
                <SequencePoint vc="0" uspid="30" ordinal="1" sl="30" sc="1" el="30" ec="2" bec="0" bev="0" fileid="2" />
                <SequencePoint vc="0" uspid="31" ordinal="2" sl="31" sc="1" el="31" ec="2" bec="2" bev="0" fileid="2" />
                <SequencePoint vc="0" uspid="32" ordinal="3" sl="32" sc="1" el="32" ec="2" bec="0" bev="0" fileid="2" />
                <SequencePoint vc="0" uspid="33" ordinal="4" sl="33" sc="1" el="33" ec="2" bec="0" bev="0" fileid="2" />
              </SequencePoints>
              <BranchPoints>
                <BranchPoint vc="0" uspid="31" ordinal="0" path="0" offset="11" offsetend="13" sl="31" fileid="2" />
                <BranchPoint vc="0" uspid="31" ordinal="1" path="1" offset="11" offsetend="25" sl="31" fileid="2" />
              </BranchPoints>
              <MethodPoint vc="0" uspid="0" p8:type="SequencePoint" ordinal="7" offset="7" sc="0" sl="29" ec="1" el="33" bec="0" bev="0" fileid="2" xmlns:p8="xsi" />
            </Method>
            <Method cyclomaticComplexity="2" nPathComplexity="2" sequenceCoverage="0" branchCoverage="0" isConstructor="True" isGetter="False" isSetter="False" isStatic="True">
              <Summary numSequencePoints="5" visitedSequencePoints="0" numBranchPoints="2" visitedBranchPoints="0" sequenceCoverage="0" branchCoverage="0" maxCyclomaticComplexity="2" minCyclomaticComplexity="2" visitedClasses="0" numClasses="0" visitedMethods="0" numMethods="1" />
              <MetadataToken />
              <Name>System.Void System.Reactive.Concurrency.UnoDispatcherScheduler::.ctor(Windows.UI.Core.CoreDispatcher,Windows.UI.Core.CoreDispatcherPriority)</Name>
              <FileRef uid="2" />
              <SequencePoints>
                <SequencePoint vc="0" uspid="41" ordinal="0" sl="41" sc="1" el="41" ec="2" bec="0" bev="0" fileid="2" />
                <SequencePoint vc="0" uspid="42" ordinal="1" sl="42" sc="1" el="42" ec="2" bec="0" bev="0" fileid="2" />
                <SequencePoint vc="0" uspid="43" ordinal="2" sl="43" sc="1" el="43" ec="2" bec="2" bev="0" fileid="2" />
                <SequencePoint vc="0" uspid="44" ordinal="3" sl="44" sc="1" el="44" ec="2" bec="0" bev="0" fileid="2" />
                <SequencePoint vc="0" uspid="45" ordinal="4" sl="45" sc="1" el="45" ec="2" bec="0" bev="0" fileid="2" />
              </SequencePoints>
              <BranchPoints>
                <BranchPoint vc="0" uspid="43" ordinal="0" path="0" offset="11" offsetend="13" sl="43" fileid="2" />
                <BranchPoint vc="0" uspid="43" ordinal="1" path="1" offset="11" offsetend="25" sl="43" fileid="2" />
              </BranchPoints>
              <MethodPoint vc="0" uspid="0" p8:type="SequencePoint" ordinal="8" offset="8" sc="0" sl="41" ec="1" el="45" bec="0" bev="0" fileid="2" xmlns:p8="xsi" />
            </Method>
          </Methods>
        </Class>
        <Class>
          <Summary numSequencePoints="332" visitedSequencePoints="28" numBranchPoints="110" visitedBranchPoints="12" sequenceCoverage="8.43" branchCoverage="10.9" maxCyclomaticComplexity="6" minCyclomaticComplexity="1" visitedClasses="1" numClasses="1" visitedMethods="7" numMethods="22" />
          <FullName>ReactiveUI.Builder.UnoReactiveUIBuilderExtensions</FullName>
          <Methods>
            <Method cyclomaticComplexity="1" nPathComplexity="1" sequenceCoverage="0" branchCoverage="100" isConstructor="False" isGetter="True" isSetter="False" isStatic="True">
              <Summary numSequencePoints="1" visitedSequencePoints="0" numBranchPoints="0" visitedBranchPoints="0" sequenceCoverage="0" branchCoverage="100" maxCyclomaticComplexity="1" minCyclomaticComplexity="1" visitedClasses="0" numClasses="0" visitedMethods="0" numMethods="1" />
              <MetadataToken />
              <Name>System.Reactive.Concurrency.IScheduler ReactiveUI.Builder.UnoReactiveUIBuilderExtensions::get_UnoMainThreadScheduler()</Name>
              <FileRef uid="3" />
              <SequencePoints>
                <SequencePoint vc="0" uspid="42" ordinal="0" sl="42" sc="1" el="42" ec="2" bec="0" bev="0" fileid="3" />
              </SequencePoints>
              <BranchPoints />
              <MethodPoint vc="0" uspid="0" p8:type="SequencePoint" ordinal="0" offset="0" sc="0" sl="42" ec="1" el="42" bec="0" bev="0" fileid="3" xmlns:p8="xsi" />
            </Method>
            <Method cyclomaticComplexity="2" nPathComplexity="2" sequenceCoverage="0" branchCoverage="0" isConstructor="False" isGetter="False" isSetter="False" isStatic="True">
              <Summary numSequencePoints="6" visitedSequencePoints="0" numBranchPoints="2" visitedBranchPoints="0" sequenceCoverage="0" branchCoverage="0" maxCyclomaticComplexity="2" minCyclomaticComplexity="2" visitedClasses="0" numClasses="0" visitedMethods="0" numMethods="1" />
              <MetadataToken />
              <Name>ReactiveUI.Builder.IReactiveUIBuilder ReactiveUI.Builder.UnoReactiveUIBuilderExtensions::WithUnoScheduler(ReactiveUI.Builder.IReactiveUIBuilder)</Name>
              <FileRef uid="3" />
              <SequencePoints>
                <SequencePoint vc="0" uspid="51" ordinal="0" sl="51" sc="1" el="51" ec="2" bec="0" bev="0" fileid="3" />
                <SequencePoint vc="0" uspid="52" ordinal="1" sl="52" sc="1" el="52" ec="2" bec="2" bev="0" fileid="3" />
                <SequencePoint vc="0" uspid="53" ordinal="2" sl="53" sc="1" el="53" ec="2" bec="0" bev="0" fileid="3" />
                <SequencePoint vc="0" uspid="54" ordinal="3" sl="54" sc="1" el="54" ec="2" bec="0" bev="0" fileid="3" />
                <SequencePoint vc="0" uspid="57" ordinal="4" sl="57" sc="1" el="57" ec="2" bec="0" bev="0" fileid="3" />
                <SequencePoint vc="0" uspid="58" ordinal="5" sl="58" sc="1" el="58" ec="2" bec="0" bev="0" fileid="3" />
              </SequencePoints>
              <BranchPoints>
                <BranchPoint vc="0" uspid="52" ordinal="0" path="0" offset="7" offsetend="9" sl="52" fileid="3" />
                <BranchPoint vc="0" uspid="52" ordinal="1" path="1" offset="7" offsetend="21" sl="52" fileid="3" />
              </BranchPoints>
              <MethodPoint vc="0" uspid="0" p8:type="SequencePoint" ordinal="1" offset="1" sc="0" sl="51" ec="1" el="58" bec="0" bev="0" fileid="3" xmlns:p8="xsi" />
            </Method>
            <Method cyclomaticComplexity="2" nPathComplexity="2" sequenceCoverage="0" branchCoverage="0" isConstructor="False" isGetter="False" isSetter="False" isStatic="True">
              <Summary numSequencePoints="10" visitedSequencePoints="0" numBranchPoints="2" visitedBranchPoints="0" sequenceCoverage="0" branchCoverage="0" maxCyclomaticComplexity="2" minCyclomaticComplexity="2" visitedClasses="0" numClasses="0" visitedMethods="0" numMethods="1" />
              <MetadataToken />
              <Name>ReactiveUI.Builder.IReactiveUIBuilder ReactiveUI.Builder.UnoReactiveUIBuilderExtensions::WithUno(ReactiveUI.Builder.IReactiveUIBuilder)</Name>
              <FileRef uid="3" />
              <SequencePoints>
                <SequencePoint vc="0" uspid="67" ordinal="0" sl="67" sc="1" el="67" ec="2" bec="0" bev="0" fileid="3" />
                <SequencePoint vc="0" uspid="68" ordinal="1" sl="68" sc="1" el="68" ec="2" bec="2" bev="0" fileid="3" />
                <SequencePoint vc="0" uspid="69" ordinal="2" sl="69" sc="1" el="69" ec="2" bec="0" bev="0" fileid="3" />
                <SequencePoint vc="0" uspid="70" ordinal="3" sl="70" sc="1" el="70" ec="2" bec="0" bev="0" fileid="3" />
                <SequencePoint vc="0" uspid="73" ordinal="4" sl="73" sc="1" el="73" ec="2" bec="0" bev="0" fileid="3" />
                <SequencePoint vc="0" uspid="74" ordinal="5" sl="74" sc="1" el="74" ec="2" bec="0" bev="0" fileid="3" />
                <SequencePoint vc="0" uspid="75" ordinal="6" sl="75" sc="1" el="75" ec="2" bec="0" bev="0" fileid="3" />
                <SequencePoint vc="0" uspid="76" ordinal="7" sl="76" sc="1" el="76" ec="2" bec="0" bev="0" fileid="3" />
                <SequencePoint vc="0" uspid="77" ordinal="8" sl="77" sc="1" el="77" ec="2" bec="0" bev="0" fileid="3" />
                <SequencePoint vc="0" uspid="78" ordinal="9" sl="78" sc="1" el="78" ec="2" bec="0" bev="0" fileid="3" />
              </SequencePoints>
              <BranchPoints>
                <BranchPoint vc="0" uspid="68" ordinal="0" path="0" offset="7" offsetend="9" sl="68" fileid="3" />
                <BranchPoint vc="0" uspid="68" ordinal="1" path="1" offset="7" offsetend="21" sl="68" fileid="3" />
              </BranchPoints>
              <MethodPoint vc="0" uspid="0" p8:type="SequencePoint" ordinal="2" offset="2" sc="0" sl="67" ec="1" el="78" bec="0" bev="0" fileid="3" xmlns:p8="xsi" />
            </Method>
            <Method cyclomaticComplexity="2" nPathComplexity="2" sequenceCoverage="66.66" branchCoverage="50" isConstructor="False" isGetter="False" isSetter="False" isStatic="True">
              <Summary numSequencePoints="6" visitedSequencePoints="4" numBranchPoints="2" visitedBranchPoints="1" sequenceCoverage="66.66" branchCoverage="50" maxCyclomaticComplexity="2" minCyclomaticComplexity="2" visitedClasses="0" numClasses="0" visitedMethods="1" numMethods="1" />
              <MetadataToken />
              <Name>ReactiveUI.Builder.IReactiveUIBuilder ReactiveUI.Builder.UnoReactiveUIBuilderExtensions::WithDefaultIScreen(ReactiveUI.Builder.IReactiveUIBuilder)</Name>
              <FileRef uid="3" />
              <SequencePoints>
                <SequencePoint vc="1" uspid="87" ordinal="0" sl="87" sc="1" el="87" ec="2" bec="0" bev="0" fileid="3" />
                <SequencePoint vc="1" uspid="88" ordinal="1" sl="88" sc="1" el="88" ec="2" bec="2" bev="1" fileid="3" />
                <SequencePoint vc="1" uspid="89" ordinal="2" sl="89" sc="1" el="89" ec="2" bec="0" bev="0" fileid="3" />
                <SequencePoint vc="1" uspid="90" ordinal="3" sl="90" sc="1" el="90" ec="2" bec="0" bev="0" fileid="3" />
                <SequencePoint vc="0" uspid="93" ordinal="4" sl="93" sc="1" el="93" ec="2" bec="0" bev="0" fileid="3" />
                <SequencePoint vc="0" uspid="94" ordinal="5" sl="94" sc="1" el="94" ec="2" bec="0" bev="0" fileid="3" />
              </SequencePoints>
              <BranchPoints>
                <BranchPoint vc="1" uspid="88" ordinal="0" path="0" offset="7" offsetend="9" sl="88" fileid="3" />
                <BranchPoint vc="0" uspid="88" ordinal="1" path="1" offset="7" offsetend="21" sl="88" fileid="3" />
              </BranchPoints>
              <MethodPoint vc="4" uspid="0" p8:type="SequencePoint" ordinal="3" offset="3" sc="0" sl="87" ec="1" el="94" bec="0" bev="0" fileid="3" xmlns:p8="xsi" />
            </Method>
            <Method cyclomaticComplexity="6" nPathComplexity="6" sequenceCoverage="44.44" branchCoverage="16.66" isConstructor="False" isGetter="False" isSetter="False" isStatic="True">
              <Summary numSequencePoints="9" visitedSequencePoints="4" numBranchPoints="6" visitedBranchPoints="1" sequenceCoverage="44.44" branchCoverage="16.66" maxCyclomaticComplexity="6" minCyclomaticComplexity="6" visitedClasses="0" numClasses="0" visitedMethods="1" numMethods="1" />
              <MetadataToken />
              <Name>ReactiveUI.Builder.IReactiveUIInstance ReactiveUI.Builder.UnoReactiveUIBuilderExtensions::BuildApp(ReactiveUI.Builder.IReactiveUIBuilder)</Name>
              <FileRef uid="3" />
              <SequencePoints>
                <SequencePoint vc="1" uspid="104" ordinal="0" sl="104" sc="1" el="104" ec="2" bec="0" bev="0" fileid="3" />
                <SequencePoint vc="1" uspid="105" ordinal="1" sl="105" sc="1" el="105" ec="2" bec="2" bev="1" fileid="3" />
                <SequencePoint vc="1" uspid="106" ordinal="2" sl="106" sc="1" el="106" ec="2" bec="0" bev="0" fileid="3" />
                <SequencePoint vc="1" uspid="107" ordinal="3" sl="107" sc="1" el="107" ec="2" bec="0" bev="0" fileid="3" />
                <SequencePoint vc="0" uspid="110" ordinal="4" sl="110" sc="1" el="110" ec="2" bec="4" bev="0" fileid="3" />
                <SequencePoint vc="0" uspid="111" ordinal="5" sl="111" sc="1" el="111" ec="2" bec="0" bev="0" fileid="3" />
                <SequencePoint vc="0" uspid="112" ordinal="6" sl="112" sc="1" el="112" ec="2" bec="0" bev="0" fileid="3" />
                <SequencePoint vc="0" uspid="115" ordinal="7" sl="115" sc="1" el="115" ec="2" bec="0" bev="0" fileid="3" />
                <SequencePoint vc="0" uspid="116" ordinal="8" sl="116" sc="1" el="116" ec="2" bec="0" bev="0" fileid="3" />
              </SequencePoints>
              <BranchPoints>
                <BranchPoint vc="1" uspid="105" ordinal="0" path="0" offset="7" offsetend="9" sl="105" fileid="3" />
                <BranchPoint vc="0" uspid="105" ordinal="1" path="1" offset="7" offsetend="21" sl="105" fileid="3" />
                <BranchPoint vc="0" uspid="110" ordinal="2" path="0" offset="34" offsetend="36" sl="110" fileid="3" />
                <BranchPoint vc="0" uspid="110" ordinal="3" path="1" offset="34" offsetend="47" sl="110" fileid="3" />
                <BranchPoint vc="0" uspid="110" ordinal="4" path="0" offset="50" offsetend="52" sl="110" fileid="3" />
                <BranchPoint vc="0" uspid="110" ordinal="5" path="1" offset="50" offsetend="64" sl="110" fileid="3" />
              </BranchPoints>
              <MethodPoint vc="4" uspid="0" p8:type="SequencePoint" ordinal="4" offset="4" sc="0" sl="104" ec="1" el="116" bec="0" bev="0" fileid="3" xmlns:p8="xsi" />
            </Method>
            <Method cyclomaticComplexity="6" nPathComplexity="6" sequenceCoverage="57.14" branchCoverage="33.33" isConstructor="False" isGetter="False" isSetter="False" isStatic="True">
              <Summary numSequencePoints="7" visitedSequencePoints="4" numBranchPoints="6" visitedBranchPoints="2" sequenceCoverage="57.14" branchCoverage="33.33" maxCyclomaticComplexity="6" minCyclomaticComplexity="6" visitedClasses="0" numClasses="0" visitedMethods="1" numMethods="1" />
              <MetadataToken />
              <Name>ReactiveUI.Builder.IReactiveUIInstance ReactiveUI.Builder.UnoReactiveUIBuilderExtensions::WithInstance(ReactiveUI.Builder.IReactiveUIInstance,System.Action`1&lt;T&gt;)</Name>
              <FileRef uid="3" />
              <SequencePoints>
                <SequencePoint vc="1" uspid="127" ordinal="0" sl="127" sc="1" el="127" ec="2" bec="0" bev="0" fileid="3" />
                <SequencePoint vc="1" uspid="128" ordinal="1" sl="128" sc="1" el="128" ec="2" bec="4" bev="2" fileid="3" />
                <SequencePoint vc="1" uspid="129" ordinal="2" sl="129" sc="1" el="129" ec="2" bec="0" bev="0" fileid="3" />
                <SequencePoint vc="1" uspid="130" ordinal="3" sl="130" sc="1" el="130" ec="2" bec="0" bev="0" fileid="3" />
                <SequencePoint vc="0" uspid="133" ordinal="4" sl="133" sc="1" el="133" ec="2" bec="2" bev="0" fileid="3" />
                <SequencePoint vc="0" uspid="134" ordinal="5" sl="134" sc="1" el="134" ec="2" bec="0" bev="0" fileid="3" />
                <SequencePoint vc="0" uspid="135" ordinal="6" sl="135" sc="1" el="135" ec="2" bec="0" bev="0" fileid="3" />
              </SequencePoints>
              <BranchPoints>
                <BranchPoint vc="0" uspid="128" ordinal="0" path="0" offset="2" offsetend="4" sl="128" fileid="3" />
                <BranchPoint vc="1" uspid="128" ordinal="1" path="1" offset="2" offsetend="15" sl="128" fileid="3" />
                <BranchPoint vc="1" uspid="128" ordinal="2" path="0" offset="18" offsetend="20" sl="128" fileid="3" />
                <BranchPoint vc="0" uspid="128" ordinal="3" path="1" offset="18" offsetend="32" sl="128" fileid="3" />
                <BranchPoint vc="0" uspid="133" ordinal="5" path="1" offset="33" offsetend="37" sl="133" fileid="3" />
                <BranchPoint vc="0" uspid="133" ordinal="4" path="0" offset="33" offsetend="56" sl="133" fileid="3" />
              </BranchPoints>
              <MethodPoint vc="4" uspid="0" p8:type="SequencePoint" ordinal="5" offset="5" sc="0" sl="127" ec="1" el="135" bec="0" bev="0" fileid="3" xmlns:p8="xsi" />
            </Method>
            <Method cyclomaticComplexity="6" nPathComplexity="6" sequenceCoverage="36.36" branchCoverage="33.33" isConstructor="False" isGetter="False" isSetter="False" isStatic="True">
              <Summary numSequencePoints="11" visitedSequencePoints="4" numBranchPoints="6" visitedBranchPoints="2" sequenceCoverage="36.36" branchCoverage="33.33" maxCyclomaticComplexity="6" minCyclomaticComplexity="6" visitedClasses="0" numClasses="0" visitedMethods="1" numMethods="1" />
              <MetadataToken />
              <Name>ReactiveUI.Builder.IReactiveUIInstance ReactiveUI.Builder.UnoReactiveUIBuilderExtensions::WithInstance(ReactiveUI.Builder.IReactiveUIInstance,System.Action`2&lt;T1,T2&gt;)</Name>
              <FileRef uid="3" />
              <SequencePoints>
                <SequencePoint vc="1" uspid="147" ordinal="0" sl="147" sc="1" el="147" ec="2" bec="0" bev="0" fileid="3" />
                <SequencePoint vc="1" uspid="148" ordinal="1" sl="148" sc="1" el="148" ec="2" bec="4" bev="2" fileid="3" />
                <SequencePoint vc="1" uspid="149" ordinal="2" sl="149" sc="1" el="149" ec="2" bec="0" bev="0" fileid="3" />
                <SequencePoint vc="1" uspid="150" ordinal="3" sl="150" sc="1" el="150" ec="2" bec="0" bev="0" fileid="3" />
                <SequencePoint vc="0" uspid="153" ordinal="4" sl="153" sc="1" el="153" ec="2" bec="2" bev="0" fileid="3" />
                <SequencePoint vc="0" uspid="154" ordinal="5" sl="154" sc="1" el="154" ec="2" bec="0" bev="0" fileid="3" />
                <SequencePoint vc="0" uspid="155" ordinal="6" sl="155" sc="1" el="155" ec="2" bec="0" bev="0" fileid="3" />
                <SequencePoint vc="0" uspid="156" ordinal="7" sl="156" sc="1" el="156" ec="2" bec="0" bev="0" fileid="3" />
                <SequencePoint vc="0" uspid="157" ordinal="8" sl="157" sc="1" el="157" ec="2" bec="0" bev="0" fileid="3" />
                <SequencePoint vc="0" uspid="159" ordinal="9" sl="159" sc="1" el="159" ec="2" bec="0" bev="0" fileid="3" />
                <SequencePoint vc="0" uspid="160" ordinal="10" sl="160" sc="1" el="160" ec="2" bec="0" bev="0" fileid="3" />
              </SequencePoints>
              <BranchPoints>
                <BranchPoint vc="0" uspid="148" ordinal="0" path="0" offset="2" offsetend="4" sl="148" fileid="3" />
                <BranchPoint vc="1" uspid="148" ordinal="1" path="1" offset="2" offsetend="15" sl="148" fileid="3" />
                <BranchPoint vc="1" uspid="148" ordinal="2" path="0" offset="18" offsetend="20" sl="148" fileid="3" />
                <BranchPoint vc="0" uspid="148" ordinal="3" path="1" offset="18" offsetend="32" sl="148" fileid="3" />
                <BranchPoint vc="0" uspid="153" ordinal="4" path="0" offset="38" offsetend="40" sl="153" fileid="3" />
                <BranchPoint vc="0" uspid="153" ordinal="5" path="1" offset="38" offsetend="70" sl="153" fileid="3" />
              </BranchPoints>
              <MethodPoint vc="4" uspid="0" p8:type="SequencePoint" ordinal="6" offset="6" sc="0" sl="147" ec="1" el="160" bec="0" bev="0" fileid="3" xmlns:p8="xsi" />
            </Method>
            <Method cyclomaticComplexity="6" nPathComplexity="6" sequenceCoverage="36.36" branchCoverage="33.33" isConstructor="False" isGetter="False" isSetter="False" isStatic="True">
              <Summary numSequencePoints="11" visitedSequencePoints="4" numBranchPoints="6" visitedBranchPoints="2" sequenceCoverage="36.36" branchCoverage="33.33" maxCyclomaticComplexity="6" minCyclomaticComplexity="6" visitedClasses="0" numClasses="0" visitedMethods="1" numMethods="1" />
              <MetadataToken />
              <Name>ReactiveUI.Builder.IReactiveUIInstance ReactiveUI.Builder.UnoReactiveUIBuilderExtensions::WithInstance(ReactiveUI.Builder.IReactiveUIInstance,System.Action`3&lt;T1,T2,T3&gt;)</Name>
              <FileRef uid="3" />
              <SequencePoints>
                <SequencePoint vc="1" uspid="173" ordinal="0" sl="173" sc="1" el="173" ec="2" bec="0" bev="0" fileid="3" />
                <SequencePoint vc="1" uspid="174" ordinal="1" sl="174" sc="1" el="174" ec="2" bec="4" bev="2" fileid="3" />
                <SequencePoint vc="1" uspid="175" ordinal="2" sl="175" sc="1" el="175" ec="2" bec="0" bev="0" fileid="3" />
                <SequencePoint vc="1" uspid="176" ordinal="3" sl="176" sc="1" el="176" ec="2" bec="0" bev="0" fileid="3" />
                <SequencePoint vc="0" uspid="179" ordinal="4" sl="179" sc="1" el="179" ec="2" bec="2" bev="0" fileid="3" />
                <SequencePoint vc="0" uspid="180" ordinal="5" sl="180" sc="1" el="180" ec="2" bec="0" bev="0" fileid="3" />
                <SequencePoint vc="0" uspid="181" ordinal="6" sl="181" sc="1" el="181" ec="2" bec="0" bev="0" fileid="3" />
                <SequencePoint vc="0" uspid="182" ordinal="7" sl="182" sc="1" el="182" ec="2" bec="0" bev="0" fileid="3" />
                <SequencePoint vc="0" uspid="183" ordinal="8" sl="183" sc="1" el="183" ec="2" bec="0" bev="0" fileid="3" />
                <SequencePoint vc="0" uspid="185" ordinal="9" sl="185" sc="1" el="185" ec="2" bec="0" bev="0" fileid="3" />
                <SequencePoint vc="0" uspid="186" ordinal="10" sl="186" sc="1" el="186" ec="2" bec="0" bev="0" fileid="3" />
              </SequencePoints>
              <BranchPoints>
                <BranchPoint vc="0" uspid="174" ordinal="0" path="0" offset="2" offsetend="4" sl="174" fileid="3" />
                <BranchPoint vc="1" uspid="174" ordinal="1" path="1" offset="2" offsetend="15" sl="174" fileid="3" />
                <BranchPoint vc="1" uspid="174" ordinal="2" path="0" offset="18" offsetend="20" sl="174" fileid="3" />
                <BranchPoint vc="0" uspid="174" ordinal="3" path="1" offset="18" offsetend="32" sl="174" fileid="3" />
                <BranchPoint vc="0" uspid="179" ordinal="4" path="0" offset="38" offsetend="40" sl="179" fileid="3" />
                <BranchPoint vc="0" uspid="179" ordinal="5" path="1" offset="38" offsetend="77" sl="179" fileid="3" />
              </BranchPoints>
              <MethodPoint vc="4" uspid="0" p8:type="SequencePoint" ordinal="7" offset="7" sc="0" sl="173" ec="1" el="186" bec="0" bev="0" fileid="3" xmlns:p8="xsi" />
            </Method>
            <Method cyclomaticComplexity="6" nPathComplexity="6" sequenceCoverage="36.36" branchCoverage="33.33" isConstructor="False" isGetter="False" isSetter="False" isStatic="True">
              <Summary numSequencePoints="11" visitedSequencePoints="4" numBranchPoints="6" visitedBranchPoints="2" sequenceCoverage="36.36" branchCoverage="33.33" maxCyclomaticComplexity="6" minCyclomaticComplexity="6" visitedClasses="0" numClasses="0" visitedMethods="1" numMethods="1" />
              <MetadataToken />
              <Name>ReactiveUI.Builder.IReactiveUIInstance ReactiveUI.Builder.UnoReactiveUIBuilderExtensions::WithInstance(ReactiveUI.Builder.IReactiveUIInstance,System.Action`4&lt;T1,T2,T3,T4&gt;)</Name>
              <FileRef uid="3" />
              <SequencePoints>
                <SequencePoint vc="1" uspid="200" ordinal="0" sl="200" sc="1" el="200" ec="2" bec="0" bev="0" fileid="3" />
                <SequencePoint vc="1" uspid="201" ordinal="1" sl="201" sc="1" el="201" ec="2" bec="4" bev="2" fileid="3" />
                <SequencePoint vc="1" uspid="202" ordinal="2" sl="202" sc="1" el="202" ec="2" bec="0" bev="0" fileid="3" />
                <SequencePoint vc="1" uspid="203" ordinal="3" sl="203" sc="1" el="203" ec="2" bec="0" bev="0" fileid="3" />
                <SequencePoint vc="0" uspid="206" ordinal="4" sl="206" sc="1" el="206" ec="2" bec="2" bev="0" fileid="3" />
                <SequencePoint vc="0" uspid="207" ordinal="5" sl="207" sc="1" el="207" ec="2" bec="0" bev="0" fileid="3" />
                <SequencePoint vc="0" uspid="208" ordinal="6" sl="208" sc="1" el="208" ec="2" bec="0" bev="0" fileid="3" />
                <SequencePoint vc="0" uspid="209" ordinal="7" sl="209" sc="1" el="209" ec="2" bec="0" bev="0" fileid="3" />
                <SequencePoint vc="0" uspid="210" ordinal="8" sl="210" sc="1" el="210" ec="2" bec="0" bev="0" fileid="3" />
                <SequencePoint vc="0" uspid="212" ordinal="9" sl="212" sc="1" el="212" ec="2" bec="0" bev="0" fileid="3" />
                <SequencePoint vc="0" uspid="213" ordinal="10" sl="213" sc="1" el="213" ec="2" bec="0" bev="0" fileid="3" />
              </SequencePoints>
              <BranchPoints>
                <BranchPoint vc="0" uspid="201" ordinal="0" path="0" offset="2" offsetend="4" sl="201" fileid="3" />
                <BranchPoint vc="1" uspid="201" ordinal="1" path="1" offset="2" offsetend="15" sl="201" fileid="3" />
                <BranchPoint vc="1" uspid="201" ordinal="2" path="0" offset="18" offsetend="20" sl="201" fileid="3" />
                <BranchPoint vc="0" uspid="201" ordinal="3" path="1" offset="18" offsetend="32" sl="201" fileid="3" />
                <BranchPoint vc="0" uspid="206" ordinal="4" path="0" offset="38" offsetend="40" sl="206" fileid="3" />
                <BranchPoint vc="0" uspid="206" ordinal="5" path="1" offset="38" offsetend="84" sl="206" fileid="3" />
              </BranchPoints>
              <MethodPoint vc="4" uspid="0" p8:type="SequencePoint" ordinal="8" offset="8" sc="0" sl="200" ec="1" el="213" bec="0" bev="0" fileid="3" xmlns:p8="xsi" />
            </Method>
            <Method cyclomaticComplexity="6" nPathComplexity="6" sequenceCoverage="36.36" branchCoverage="33.33" isConstructor="False" isGetter="False" isSetter="False" isStatic="True">
              <Summary numSequencePoints="11" visitedSequencePoints="4" numBranchPoints="6" visitedBranchPoints="2" sequenceCoverage="36.36" branchCoverage="33.33" maxCyclomaticComplexity="6" minCyclomaticComplexity="6" visitedClasses="0" numClasses="0" visitedMethods="1" numMethods="1" />
              <MetadataToken />
              <Name>ReactiveUI.Builder.IReactiveUIInstance ReactiveUI.Builder.UnoReactiveUIBuilderExtensions::WithInstance(ReactiveUI.Builder.IReactiveUIInstance,System.Action`5&lt;T1,T2,T3,T4,T5&gt;)</Name>
              <FileRef uid="3" />
              <SequencePoints>
                <SequencePoint vc="1" uspid="228" ordinal="0" sl="228" sc="1" el="228" ec="2" bec="0" bev="0" fileid="3" />
                <SequencePoint vc="1" uspid="229" ordinal="1" sl="229" sc="1" el="229" ec="2" bec="4" bev="2" fileid="3" />
                <SequencePoint vc="1" uspid="230" ordinal="2" sl="230" sc="1" el="230" ec="2" bec="0" bev="0" fileid="3" />
                <SequencePoint vc="1" uspid="231" ordinal="3" sl="231" sc="1" el="231" ec="2" bec="0" bev="0" fileid="3" />
                <SequencePoint vc="0" uspid="234" ordinal="4" sl="234" sc="1" el="234" ec="2" bec="2" bev="0" fileid="3" />
                <SequencePoint vc="0" uspid="235" ordinal="5" sl="235" sc="1" el="235" ec="2" bec="0" bev="0" fileid="3" />
                <SequencePoint vc="0" uspid="236" ordinal="6" sl="236" sc="1" el="236" ec="2" bec="0" bev="0" fileid="3" />
                <SequencePoint vc="0" uspid="237" ordinal="7" sl="237" sc="1" el="237" ec="2" bec="0" bev="0" fileid="3" />
                <SequencePoint vc="0" uspid="238" ordinal="8" sl="238" sc="1" el="238" ec="2" bec="0" bev="0" fileid="3" />
                <SequencePoint vc="0" uspid="240" ordinal="9" sl="240" sc="1" el="240" ec="2" bec="0" bev="0" fileid="3" />
                <SequencePoint vc="0" uspid="241" ordinal="10" sl="241" sc="1" el="241" ec="2" bec="0" bev="0" fileid="3" />
              </SequencePoints>
              <BranchPoints>
                <BranchPoint vc="0" uspid="229" ordinal="0" path="0" offset="2" offsetend="4" sl="229" fileid="3" />
                <BranchPoint vc="1" uspid="229" ordinal="1" path="1" offset="2" offsetend="15" sl="229" fileid="3" />
                <BranchPoint vc="1" uspid="229" ordinal="2" path="0" offset="18" offsetend="20" sl="229" fileid="3" />
                <BranchPoint vc="0" uspid="229" ordinal="3" path="1" offset="18" offsetend="32" sl="229" fileid="3" />
                <BranchPoint vc="0" uspid="234" ordinal="4" path="0" offset="38" offsetend="40" sl="234" fileid="3" />
                <BranchPoint vc="0" uspid="234" ordinal="5" path="1" offset="38" offsetend="91" sl="234" fileid="3" />
              </BranchPoints>
              <MethodPoint vc="4" uspid="0" p8:type="SequencePoint" ordinal="9" offset="9" sc="0" sl="228" ec="1" el="241" bec="0" bev="0" fileid="3" xmlns:p8="xsi" />
            </Method>
            <Method cyclomaticComplexity="6" nPathComplexity="6" sequenceCoverage="0" branchCoverage="0" isConstructor="False" isGetter="False" isSetter="False" isStatic="True">
              <Summary numSequencePoints="17" visitedSequencePoints="0" numBranchPoints="6" visitedBranchPoints="0" sequenceCoverage="0" branchCoverage="0" maxCyclomaticComplexity="6" minCyclomaticComplexity="6" visitedClasses="0" numClasses="0" visitedMethods="0" numMethods="1" />
              <MetadataToken />
              <Name>ReactiveUI.Builder.IReactiveUIInstance ReactiveUI.Builder.UnoReactiveUIBuilderExtensions::WithInstance(ReactiveUI.Builder.IReactiveUIInstance,System.Action`6&lt;T1,T2,T3,T4,T5,T6&gt;)</Name>
              <FileRef uid="3" />
              <SequencePoints>
                <SequencePoint vc="0" uspid="257" ordinal="0" sl="257" sc="1" el="257" ec="2" bec="0" bev="0" fileid="3" />
                <SequencePoint vc="0" uspid="258" ordinal="1" sl="258" sc="1" el="258" ec="2" bec="4" bev="0" fileid="3" />
                <SequencePoint vc="0" uspid="259" ordinal="2" sl="259" sc="1" el="259" ec="2" bec="0" bev="0" fileid="3" />
                <SequencePoint vc="0" uspid="260" ordinal="3" sl="260" sc="1" el="260" ec="2" bec="0" bev="0" fileid="3" />
                <SequencePoint vc="0" uspid="263" ordinal="4" sl="263" sc="1" el="263" ec="2" bec="2" bev="0" fileid="3" />
                <SequencePoint vc="0" uspid="264" ordinal="5" sl="264" sc="1" el="264" ec="2" bec="0" bev="0" fileid="3" />
                <SequencePoint vc="0" uspid="265" ordinal="6" sl="265" sc="1" el="265" ec="2" bec="0" bev="0" fileid="3" />
                <SequencePoint vc="0" uspid="266" ordinal="7" sl="266" sc="1" el="266" ec="2" bec="0" bev="0" fileid="3" />
                <SequencePoint vc="0" uspid="267" ordinal="8" sl="267" sc="1" el="267" ec="2" bec="0" bev="0" fileid="3" />
                <SequencePoint vc="0" uspid="268" ordinal="9" sl="268" sc="1" el="268" ec="2" bec="0" bev="0" fileid="3" />
                <SequencePoint vc="0" uspid="269" ordinal="10" sl="269" sc="1" el="269" ec="2" bec="0" bev="0" fileid="3" />
                <SequencePoint vc="0" uspid="270" ordinal="11" sl="270" sc="1" el="270" ec="2" bec="0" bev="0" fileid="3" />
                <SequencePoint vc="0" uspid="271" ordinal="12" sl="271" sc="1" el="271" ec="2" bec="0" bev="0" fileid="3" />
                <SequencePoint vc="0" uspid="272" ordinal="13" sl="272" sc="1" el="272" ec="2" bec="0" bev="0" fileid="3" />
                <SequencePoint vc="0" uspid="273" ordinal="14" sl="273" sc="1" el="273" ec="2" bec="0" bev="0" fileid="3" />
                <SequencePoint vc="0" uspid="275" ordinal="15" sl="275" sc="1" el="275" ec="2" bec="0" bev="0" fileid="3" />
                <SequencePoint vc="0" uspid="276" ordinal="16" sl="276" sc="1" el="276" ec="2" bec="0" bev="0" fileid="3" />
              </SequencePoints>
              <BranchPoints>
                <BranchPoint vc="0" uspid="258" ordinal="0" path="0" offset="2" offsetend="4" sl="258" fileid="3" />
                <BranchPoint vc="0" uspid="258" ordinal="1" path="1" offset="2" offsetend="15" sl="258" fileid="3" />
                <BranchPoint vc="0" uspid="258" ordinal="2" path="0" offset="18" offsetend="20" sl="258" fileid="3" />
                <BranchPoint vc="0" uspid="258" ordinal="3" path="1" offset="18" offsetend="32" sl="258" fileid="3" />
                <BranchPoint vc="0" uspid="263" ordinal="4" path="0" offset="38" offsetend="40" sl="263" fileid="3" />
                <BranchPoint vc="0" uspid="263" ordinal="5" path="1" offset="38" offsetend="98" sl="263" fileid="3" />
              </BranchPoints>
              <MethodPoint vc="0" uspid="0" p8:type="SequencePoint" ordinal="10" offset="10" sc="0" sl="257" ec="1" el="276" bec="0" bev="0" fileid="3" xmlns:p8="xsi" />
            </Method>
            <Method cyclomaticComplexity="6" nPathComplexity="6" sequenceCoverage="0" branchCoverage="0" isConstructor="False" isGetter="False" isSetter="False" isStatic="True">
              <Summary numSequencePoints="18" visitedSequencePoints="0" numBranchPoints="6" visitedBranchPoints="0" sequenceCoverage="0" branchCoverage="0" maxCyclomaticComplexity="6" minCyclomaticComplexity="6" visitedClasses="0" numClasses="0" visitedMethods="0" numMethods="1" />
              <MetadataToken />
              <Name>ReactiveUI.Builder.IReactiveUIInstance ReactiveUI.Builder.UnoReactiveUIBuilderExtensions::WithInstance(ReactiveUI.Builder.IReactiveUIInstance,System.Action`7&lt;T1,T2,T3,T4,T5,T6,T7&gt;)</Name>
              <FileRef uid="3" />
              <SequencePoints>
                <SequencePoint vc="0" uspid="293" ordinal="0" sl="293" sc="1" el="293" ec="2" bec="0" bev="0" fileid="3" />
                <SequencePoint vc="0" uspid="294" ordinal="1" sl="294" sc="1" el="294" ec="2" bec="4" bev="0" fileid="3" />
                <SequencePoint vc="0" uspid="295" ordinal="2" sl="295" sc="1" el="295" ec="2" bec="0" bev="0" fileid="3" />
                <SequencePoint vc="0" uspid="296" ordinal="3" sl="296" sc="1" el="296" ec="2" bec="0" bev="0" fileid="3" />
                <SequencePoint vc="0" uspid="299" ordinal="4" sl="299" sc="1" el="299" ec="2" bec="2" bev="0" fileid="3" />
                <SequencePoint vc="0" uspid="300" ordinal="5" sl="300" sc="1" el="300" ec="2" bec="0" bev="0" fileid="3" />
                <SequencePoint vc="0" uspid="301" ordinal="6" sl="301" sc="1" el="301" ec="2" bec="0" bev="0" fileid="3" />
                <SequencePoint vc="0" uspid="302" ordinal="7" sl="302" sc="1" el="302" ec="2" bec="0" bev="0" fileid="3" />
                <SequencePoint vc="0" uspid="303" ordinal="8" sl="303" sc="1" el="303" ec="2" bec="0" bev="0" fileid="3" />
                <SequencePoint vc="0" uspid="304" ordinal="9" sl="304" sc="1" el="304" ec="2" bec="0" bev="0" fileid="3" />
                <SequencePoint vc="0" uspid="305" ordinal="10" sl="305" sc="1" el="305" ec="2" bec="0" bev="0" fileid="3" />
                <SequencePoint vc="0" uspid="306" ordinal="11" sl="306" sc="1" el="306" ec="2" bec="0" bev="0" fileid="3" />
                <SequencePoint vc="0" uspid="307" ordinal="12" sl="307" sc="1" el="307" ec="2" bec="0" bev="0" fileid="3" />
                <SequencePoint vc="0" uspid="308" ordinal="13" sl="308" sc="1" el="308" ec="2" bec="0" bev="0" fileid="3" />
                <SequencePoint vc="0" uspid="309" ordinal="14" sl="309" sc="1" el="309" ec="2" bec="0" bev="0" fileid="3" />
                <SequencePoint vc="0" uspid="310" ordinal="15" sl="310" sc="1" el="310" ec="2" bec="0" bev="0" fileid="3" />
                <SequencePoint vc="0" uspid="312" ordinal="16" sl="312" sc="1" el="312" ec="2" bec="0" bev="0" fileid="3" />
                <SequencePoint vc="0" uspid="313" ordinal="17" sl="313" sc="1" el="313" ec="2" bec="0" bev="0" fileid="3" />
              </SequencePoints>
              <BranchPoints>
                <BranchPoint vc="0" uspid="294" ordinal="0" path="0" offset="2" offsetend="4" sl="294" fileid="3" />
                <BranchPoint vc="0" uspid="294" ordinal="1" path="1" offset="2" offsetend="15" sl="294" fileid="3" />
                <BranchPoint vc="0" uspid="294" ordinal="2" path="0" offset="18" offsetend="20" sl="294" fileid="3" />
                <BranchPoint vc="0" uspid="294" ordinal="3" path="1" offset="18" offsetend="32" sl="294" fileid="3" />
                <BranchPoint vc="0" uspid="299" ordinal="4" path="0" offset="38" offsetend="40" sl="299" fileid="3" />
                <BranchPoint vc="0" uspid="299" ordinal="5" path="1" offset="38" offsetend="105" sl="299" fileid="3" />
              </BranchPoints>
              <MethodPoint vc="0" uspid="0" p8:type="SequencePoint" ordinal="11" offset="11" sc="0" sl="293" ec="1" el="313" bec="0" bev="0" fileid="3" xmlns:p8="xsi" />
            </Method>
            <Method cyclomaticComplexity="6" nPathComplexity="6" sequenceCoverage="0" branchCoverage="0" isConstructor="False" isGetter="False" isSetter="False" isStatic="True">
              <Summary numSequencePoints="19" visitedSequencePoints="0" numBranchPoints="6" visitedBranchPoints="0" sequenceCoverage="0" branchCoverage="0" maxCyclomaticComplexity="6" minCyclomaticComplexity="6" visitedClasses="0" numClasses="0" visitedMethods="0" numMethods="1" />
              <MetadataToken />
              <Name>ReactiveUI.Builder.IReactiveUIInstance ReactiveUI.Builder.UnoReactiveUIBuilderExtensions::WithInstance(ReactiveUI.Builder.IReactiveUIInstance,System.Action`8&lt;T1,T2,T3,T4,T5,T6,T7,T8&gt;)</Name>
              <FileRef uid="3" />
              <SequencePoints>
                <SequencePoint vc="0" uspid="331" ordinal="0" sl="331" sc="1" el="331" ec="2" bec="0" bev="0" fileid="3" />
                <SequencePoint vc="0" uspid="332" ordinal="1" sl="332" sc="1" el="332" ec="2" bec="4" bev="0" fileid="3" />
                <SequencePoint vc="0" uspid="333" ordinal="2" sl="333" sc="1" el="333" ec="2" bec="0" bev="0" fileid="3" />
                <SequencePoint vc="0" uspid="334" ordinal="3" sl="334" sc="1" el="334" ec="2" bec="0" bev="0" fileid="3" />
                <SequencePoint vc="0" uspid="337" ordinal="4" sl="337" sc="1" el="337" ec="2" bec="2" bev="0" fileid="3" />
                <SequencePoint vc="0" uspid="338" ordinal="5" sl="338" sc="1" el="338" ec="2" bec="0" bev="0" fileid="3" />
                <SequencePoint vc="0" uspid="339" ordinal="6" sl="339" sc="1" el="339" ec="2" bec="0" bev="0" fileid="3" />
                <SequencePoint vc="0" uspid="340" ordinal="7" sl="340" sc="1" el="340" ec="2" bec="0" bev="0" fileid="3" />
                <SequencePoint vc="0" uspid="341" ordinal="8" sl="341" sc="1" el="341" ec="2" bec="0" bev="0" fileid="3" />
                <SequencePoint vc="0" uspid="342" ordinal="9" sl="342" sc="1" el="342" ec="2" bec="0" bev="0" fileid="3" />
                <SequencePoint vc="0" uspid="343" ordinal="10" sl="343" sc="1" el="343" ec="2" bec="0" bev="0" fileid="3" />
                <SequencePoint vc="0" uspid="344" ordinal="11" sl="344" sc="1" el="344" ec="2" bec="0" bev="0" fileid="3" />
                <SequencePoint vc="0" uspid="345" ordinal="12" sl="345" sc="1" el="345" ec="2" bec="0" bev="0" fileid="3" />
                <SequencePoint vc="0" uspid="346" ordinal="13" sl="346" sc="1" el="346" ec="2" bec="0" bev="0" fileid="3" />
                <SequencePoint vc="0" uspid="347" ordinal="14" sl="347" sc="1" el="347" ec="2" bec="0" bev="0" fileid="3" />
                <SequencePoint vc="0" uspid="348" ordinal="15" sl="348" sc="1" el="348" ec="2" bec="0" bev="0" fileid="3" />
                <SequencePoint vc="0" uspid="349" ordinal="16" sl="349" sc="1" el="349" ec="2" bec="0" bev="0" fileid="3" />
                <SequencePoint vc="0" uspid="351" ordinal="17" sl="351" sc="1" el="351" ec="2" bec="0" bev="0" fileid="3" />
                <SequencePoint vc="0" uspid="352" ordinal="18" sl="352" sc="1" el="352" ec="2" bec="0" bev="0" fileid="3" />
              </SequencePoints>
              <BranchPoints>
                <BranchPoint vc="0" uspid="332" ordinal="0" path="0" offset="2" offsetend="4" sl="332" fileid="3" />
                <BranchPoint vc="0" uspid="332" ordinal="1" path="1" offset="2" offsetend="15" sl="332" fileid="3" />
                <BranchPoint vc="0" uspid="332" ordinal="2" path="0" offset="18" offsetend="20" sl="332" fileid="3" />
                <BranchPoint vc="0" uspid="332" ordinal="3" path="1" offset="18" offsetend="32" sl="332" fileid="3" />
                <BranchPoint vc="0" uspid="337" ordinal="4" path="0" offset="38" offsetend="40" sl="337" fileid="3" />
                <BranchPoint vc="0" uspid="337" ordinal="5" path="1" offset="38" offsetend="112" sl="337" fileid="3" />
              </BranchPoints>
              <MethodPoint vc="0" uspid="0" p8:type="SequencePoint" ordinal="12" offset="12" sc="0" sl="331" ec="1" el="352" bec="0" bev="0" fileid="3" xmlns:p8="xsi" />
            </Method>
            <Method cyclomaticComplexity="6" nPathComplexity="6" sequenceCoverage="0" branchCoverage="0" isConstructor="False" isGetter="False" isSetter="False" isStatic="True">
              <Summary numSequencePoints="20" visitedSequencePoints="0" numBranchPoints="6" visitedBranchPoints="0" sequenceCoverage="0" branchCoverage="0" maxCyclomaticComplexity="6" minCyclomaticComplexity="6" visitedClasses="0" numClasses="0" visitedMethods="0" numMethods="1" />
              <MetadataToken />
              <Name>ReactiveUI.Builder.IReactiveUIInstance ReactiveUI.Builder.UnoReactiveUIBuilderExtensions::WithInstance(ReactiveUI.Builder.IReactiveUIInstance,System.Action`9&lt;T1,T2,T3,T4,T5,T6,T7,T8,T9&gt;)</Name>
              <FileRef uid="3" />
              <SequencePoints>
                <SequencePoint vc="0" uspid="371" ordinal="0" sl="371" sc="1" el="371" ec="2" bec="0" bev="0" fileid="3" />
                <SequencePoint vc="0" uspid="372" ordinal="1" sl="372" sc="1" el="372" ec="2" bec="4" bev="0" fileid="3" />
                <SequencePoint vc="0" uspid="373" ordinal="2" sl="373" sc="1" el="373" ec="2" bec="0" bev="0" fileid="3" />
                <SequencePoint vc="0" uspid="374" ordinal="3" sl="374" sc="1" el="374" ec="2" bec="0" bev="0" fileid="3" />
                <SequencePoint vc="0" uspid="377" ordinal="4" sl="377" sc="1" el="377" ec="2" bec="2" bev="0" fileid="3" />
                <SequencePoint vc="0" uspid="378" ordinal="5" sl="378" sc="1" el="378" ec="2" bec="0" bev="0" fileid="3" />
                <SequencePoint vc="0" uspid="379" ordinal="6" sl="379" sc="1" el="379" ec="2" bec="0" bev="0" fileid="3" />
                <SequencePoint vc="0" uspid="380" ordinal="7" sl="380" sc="1" el="380" ec="2" bec="0" bev="0" fileid="3" />
                <SequencePoint vc="0" uspid="381" ordinal="8" sl="381" sc="1" el="381" ec="2" bec="0" bev="0" fileid="3" />
                <SequencePoint vc="0" uspid="382" ordinal="9" sl="382" sc="1" el="382" ec="2" bec="0" bev="0" fileid="3" />
                <SequencePoint vc="0" uspid="383" ordinal="10" sl="383" sc="1" el="383" ec="2" bec="0" bev="0" fileid="3" />
                <SequencePoint vc="0" uspid="384" ordinal="11" sl="384" sc="1" el="384" ec="2" bec="0" bev="0" fileid="3" />
                <SequencePoint vc="0" uspid="385" ordinal="12" sl="385" sc="1" el="385" ec="2" bec="0" bev="0" fileid="3" />
                <SequencePoint vc="0" uspid="386" ordinal="13" sl="386" sc="1" el="386" ec="2" bec="0" bev="0" fileid="3" />
                <SequencePoint vc="0" uspid="387" ordinal="14" sl="387" sc="1" el="387" ec="2" bec="0" bev="0" fileid="3" />
                <SequencePoint vc="0" uspid="388" ordinal="15" sl="388" sc="1" el="388" ec="2" bec="0" bev="0" fileid="3" />
                <SequencePoint vc="0" uspid="389" ordinal="16" sl="389" sc="1" el="389" ec="2" bec="0" bev="0" fileid="3" />
                <SequencePoint vc="0" uspid="390" ordinal="17" sl="390" sc="1" el="390" ec="2" bec="0" bev="0" fileid="3" />
                <SequencePoint vc="0" uspid="392" ordinal="18" sl="392" sc="1" el="392" ec="2" bec="0" bev="0" fileid="3" />
                <SequencePoint vc="0" uspid="393" ordinal="19" sl="393" sc="1" el="393" ec="2" bec="0" bev="0" fileid="3" />
              </SequencePoints>
              <BranchPoints>
                <BranchPoint vc="0" uspid="372" ordinal="0" path="0" offset="2" offsetend="4" sl="372" fileid="3" />
                <BranchPoint vc="0" uspid="372" ordinal="1" path="1" offset="2" offsetend="15" sl="372" fileid="3" />
                <BranchPoint vc="0" uspid="372" ordinal="2" path="0" offset="18" offsetend="20" sl="372" fileid="3" />
                <BranchPoint vc="0" uspid="372" ordinal="3" path="1" offset="18" offsetend="32" sl="372" fileid="3" />
                <BranchPoint vc="0" uspid="377" ordinal="4" path="0" offset="38" offsetend="40" sl="377" fileid="3" />
                <BranchPoint vc="0" uspid="377" ordinal="5" path="1" offset="38" offsetend="119" sl="377" fileid="3" />
              </BranchPoints>
              <MethodPoint vc="0" uspid="0" p8:type="SequencePoint" ordinal="13" offset="13" sc="0" sl="371" ec="1" el="393" bec="0" bev="0" fileid="3" xmlns:p8="xsi" />
            </Method>
            <Method cyclomaticComplexity="6" nPathComplexity="6" sequenceCoverage="0" branchCoverage="0" isConstructor="False" isGetter="False" isSetter="False" isStatic="True">
              <Summary numSequencePoints="21" visitedSequencePoints="0" numBranchPoints="6" visitedBranchPoints="0" sequenceCoverage="0" branchCoverage="0" maxCyclomaticComplexity="6" minCyclomaticComplexity="6" visitedClasses="0" numClasses="0" visitedMethods="0" numMethods="1" />
              <MetadataToken />
              <Name>ReactiveUI.Builder.IReactiveUIInstance ReactiveUI.Builder.UnoReactiveUIBuilderExtensions::WithInstance(ReactiveUI.Builder.IReactiveUIInstance,System.Action`10&lt;T1,T2,T3,T4,T5,T6,T7,T8,T9,T10&gt;)</Name>
              <FileRef uid="3" />
              <SequencePoints>
                <SequencePoint vc="0" uspid="413" ordinal="0" sl="413" sc="1" el="413" ec="2" bec="0" bev="0" fileid="3" />
                <SequencePoint vc="0" uspid="414" ordinal="1" sl="414" sc="1" el="414" ec="2" bec="4" bev="0" fileid="3" />
                <SequencePoint vc="0" uspid="415" ordinal="2" sl="415" sc="1" el="415" ec="2" bec="0" bev="0" fileid="3" />
                <SequencePoint vc="0" uspid="416" ordinal="3" sl="416" sc="1" el="416" ec="2" bec="0" bev="0" fileid="3" />
                <SequencePoint vc="0" uspid="419" ordinal="4" sl="419" sc="1" el="419" ec="2" bec="2" bev="0" fileid="3" />
                <SequencePoint vc="0" uspid="420" ordinal="5" sl="420" sc="1" el="420" ec="2" bec="0" bev="0" fileid="3" />
                <SequencePoint vc="0" uspid="421" ordinal="6" sl="421" sc="1" el="421" ec="2" bec="0" bev="0" fileid="3" />
                <SequencePoint vc="0" uspid="422" ordinal="7" sl="422" sc="1" el="422" ec="2" bec="0" bev="0" fileid="3" />
                <SequencePoint vc="0" uspid="423" ordinal="8" sl="423" sc="1" el="423" ec="2" bec="0" bev="0" fileid="3" />
                <SequencePoint vc="0" uspid="424" ordinal="9" sl="424" sc="1" el="424" ec="2" bec="0" bev="0" fileid="3" />
[...]
              <MetadataToken />
              <Name>System.Void ReactiveUI.Uno.GlobalStaticResources::RegisterResourceDictionariesBySource()</Name>
              <FileRef uid="24" />
              <SequencePoints>
                <SequencePoint vc="0" uspid="60" ordinal="0" sl="60" sc="1" el="60" ec="2" bec="0" bev="0" fileid="24" />
                <SequencePoint vc="0" uspid="61" ordinal="1" sl="61" sc="1" el="61" ec="2" bec="2" bev="0" fileid="24" />
                <SequencePoint vc="0" uspid="62" ordinal="2" sl="62" sc="1" el="62" ec="2" bec="0" bev="0" fileid="24" />
                <SequencePoint vc="0" uspid="63" ordinal="3" sl="63" sc="1" el="63" ec="2" bec="0" bev="0" fileid="24" />
                <SequencePoint vc="0" uspid="64" ordinal="4" sl="64" sc="1" el="64" ec="2" bec="0" bev="0" fileid="24" />
                <SequencePoint vc="0" uspid="65" ordinal="5" sl="65" sc="1" el="65" ec="2" bec="0" bev="0" fileid="24" />
                <SequencePoint vc="0" uspid="66" ordinal="6" sl="66" sc="1" el="66" ec="2" bec="0" bev="0" fileid="24" />
              </SequencePoints>
              <BranchPoints>
                <BranchPoint vc="0" uspid="61" ordinal="0" path="0" offset="11" offsetend="13" sl="61" fileid="24" />
                <BranchPoint vc="0" uspid="61" ordinal="1" path="1" offset="11" offsetend="68" sl="61" fileid="24" />
              </BranchPoints>
              <MethodPoint vc="0" uspid="0" p8:type="SequencePoint" ordinal="3" offset="3" sc="0" sl="60" ec="1" el="66" bec="0" bev="0" fileid="24" xmlns:p8="xsi" />
            </Method>
            <Method cyclomaticComplexity="1" nPathComplexity="1" sequenceCoverage="0" branchCoverage="100" isConstructor="False" isGetter="False" isSetter="False" isStatic="True">
              <Summary numSequencePoints="4" visitedSequencePoints="0" numBranchPoints="0" visitedBranchPoints="0" sequenceCoverage="0" branchCoverage="100" maxCyclomaticComplexity="1" minCyclomaticComplexity="1" visitedClasses="0" numClasses="0" visitedMethods="0" numMethods="1" />
              <MetadataToken />
              <Name>System.Void ReactiveUI.Uno.GlobalStaticResources::RegisterResourceDictionariesBySourceLocal()</Name>
              <FileRef uid="24" />
              <SequencePoints>
                <SequencePoint vc="0" uspid="69" ordinal="0" sl="69" sc="1" el="69" ec="2" bec="0" bev="0" fileid="24" />
                <SequencePoint vc="0" uspid="70" ordinal="1" sl="70" sc="1" el="70" ec="2" bec="0" bev="0" fileid="24" />
                <SequencePoint vc="0" uspid="71" ordinal="2" sl="71" sc="1" el="71" ec="2" bec="0" bev="0" fileid="24" />
                <SequencePoint vc="0" uspid="72" ordinal="3" sl="72" sc="1" el="72" ec="2" bec="0" bev="0" fileid="24" />
              </SequencePoints>
              <BranchPoints />
              <MethodPoint vc="0" uspid="0" p8:type="SequencePoint" ordinal="4" offset="4" sc="0" sl="69" ec="1" el="72" bec="0" bev="0" fileid="24" xmlns:p8="xsi" />
            </Method>
            <Method cyclomaticComplexity="1" nPathComplexity="1" sequenceCoverage="0" branchCoverage="100" isConstructor="True" isGetter="False" isSetter="False" isStatic="True">
              <Summary numSequencePoints="6" visitedSequencePoints="0" numBranchPoints="0" visitedBranchPoints="0" sequenceCoverage="0" branchCoverage="100" maxCyclomaticComplexity="1" minCyclomaticComplexity="1" visitedClasses="0" numClasses="0" visitedMethods="0" numMethods="1" />
              <MetadataToken />
              <Name>System.Void ReactiveUI.Uno.GlobalStaticResources::.cctor()</Name>
              <FileRef uid="24" />
              <SequencePoints>
                <SequencePoint vc="0" uspid="19" ordinal="0" sl="19" sc="1" el="19" ec="2" bec="0" bev="0" fileid="24" />
                <SequencePoint vc="0" uspid="20" ordinal="1" sl="20" sc="1" el="20" ec="2" bec="0" bev="0" fileid="24" />
                <SequencePoint vc="0" uspid="21" ordinal="2" sl="21" sc="1" el="21" ec="2" bec="0" bev="0" fileid="24" />
                <SequencePoint vc="0" uspid="25" ordinal="3" sl="25" sc="1" el="25" ec="2" bec="0" bev="0" fileid="24" />
                <SequencePoint vc="0" uspid="26" ordinal="4" sl="26" sc="1" el="26" ec="2" bec="0" bev="0" fileid="24" />
                <SequencePoint vc="0" uspid="27" ordinal="5" sl="27" sc="1" el="27" ec="2" bec="0" bev="0" fileid="24" />
              </SequencePoints>
              <BranchPoints />
              <MethodPoint vc="0" uspid="0" p8:type="SequencePoint" ordinal="5" offset="5" sc="0" sl="19" ec="1" el="27" bec="0" bev="0" fileid="24" xmlns:p8="xsi" />
            </Method>
          </Methods>
        </Class>
        <Class>
          <Summary numSequencePoints="46" visitedSequencePoints="0" numBranchPoints="10" visitedBranchPoints="0" sequenceCoverage="0" branchCoverage="0" maxCyclomaticComplexity="6" minCyclomaticComplexity="1" visitedClasses="0" numClasses="1" visitedMethods="0" numMethods="8" />
          <FullName>ReactiveUI.Uno.__Sources__.EmbeddedXamlSourcesProvider</FullName>
          <Methods>
            <Method cyclomaticComplexity="6" nPathComplexity="6" sequenceCoverage="0" branchCoverage="0" isConstructor="False" isGetter="False" isSetter="False" isStatic="True">
              <Summary numSequencePoints="15" visitedSequencePoints="0" numBranchPoints="6" visitedBranchPoints="0" sequenceCoverage="0" branchCoverage="0" maxCyclomaticComplexity="6" minCyclomaticComplexity="6" visitedClasses="0" numClasses="0" visitedMethods="0" numMethods="1" />
              <MetadataToken />
              <Name>System.Collections.Generic.IDictionary`2&lt;System.String,System.ValueTuple`2&lt;System.String,System.Func`1&lt;System.ValueTuple`2&lt;System.String,System.String&gt;&gt;&gt;&gt; ReactiveUI.Uno.__Sources__.EmbeddedXamlSourcesProvider::EnsureInitialize()</Name>
              <FileRef uid="25" />
              <SequencePoints>
                <SequencePoint vc="0" uspid="38" ordinal="0" sl="38" sc="1" el="38" ec="2" bec="0" bev="0" fileid="25" />
                <SequencePoint vc="0" uspid="42" ordinal="1" sl="42" sc="1" el="42" ec="2" bec="0" bev="0" fileid="25" />
                <SequencePoint vc="0" uspid="43" ordinal="2" sl="43" sc="1" el="43" ec="2" bec="2" bev="0" fileid="25" />
                <SequencePoint vc="0" uspid="45" ordinal="3" sl="45" sc="1" el="45" ec="2" bec="2" bev="0" fileid="25" />
                <SequencePoint vc="0" uspid="46" ordinal="4" sl="46" sc="1" el="46" ec="2" bec="0" bev="0" fileid="25" />
                <SequencePoint vc="0" uspid="47" ordinal="5" sl="47" sc="1" el="47" ec="2" bec="0" bev="0" fileid="25" />
                <SequencePoint vc="0" uspid="50" ordinal="6" sl="50" sc="1" el="50" ec="2" bec="0" bev="0" fileid="25" />
                <SequencePoint vc="0" uspid="52" ordinal="7" sl="52" sc="1" el="52" ec="2" bec="2" bev="0" fileid="25" />
                <SequencePoint vc="0" uspid="53" ordinal="8" sl="53" sc="1" el="53" ec="2" bec="0" bev="0" fileid="25" />
                <SequencePoint vc="0" uspid="55" ordinal="9" sl="55" sc="1" el="55" ec="2" bec="0" bev="0" fileid="25" />
                <SequencePoint vc="0" uspid="56" ordinal="10" sl="56" sc="1" el="56" ec="2" bec="0" bev="0" fileid="25" />
                <SequencePoint vc="0" uspid="57" ordinal="11" sl="57" sc="1" el="57" ec="2" bec="0" bev="0" fileid="25" />
                <SequencePoint vc="0" uspid="58" ordinal="12" sl="58" sc="1" el="58" ec="2" bec="0" bev="0" fileid="25" />
                <SequencePoint vc="0" uspid="60" ordinal="13" sl="60" sc="1" el="60" ec="2" bec="0" bev="0" fileid="25" />
                <SequencePoint vc="0" uspid="61" ordinal="14" sl="61" sc="1" el="61" ec="2" bec="0" bev="0" fileid="25" />
              </SequencePoints>
              <BranchPoints>
                <BranchPoint vc="0" uspid="43" ordinal="0" path="0" offset="8" offsetend="10" sl="43" fileid="25" />
                <BranchPoint vc="0" uspid="43" ordinal="1" path="1" offset="8" offsetend="29" sl="43" fileid="25" />
                <BranchPoint vc="0" uspid="45" ordinal="2" path="0" offset="34" offsetend="36" sl="45" fileid="25" />
                <BranchPoint vc="0" uspid="52" ordinal="4" path="0" offset="127" offsetend="129" sl="52" fileid="25" />
                <BranchPoint vc="0" uspid="52" ordinal="5" path="1" offset="127" offsetend="159" sl="52" fileid="25" />
                <BranchPoint vc="0" uspid="45" ordinal="3" path="1" offset="34" offsetend="160" sl="45" fileid="25" />
              </BranchPoints>
              <MethodPoint vc="0" uspid="0" p8:type="SequencePoint" ordinal="0" offset="0" sc="0" sl="38" ec="1" el="61" bec="0" bev="0" fileid="25" xmlns:p8="xsi" />
            </Method>
            <Method cyclomaticComplexity="1" nPathComplexity="1" sequenceCoverage="0" branchCoverage="100" isConstructor="False" isGetter="True" isSetter="False" isStatic="True">
              <Summary numSequencePoints="4" visitedSequencePoints="0" numBranchPoints="0" visitedBranchPoints="0" sequenceCoverage="0" branchCoverage="100" maxCyclomaticComplexity="1" minCyclomaticComplexity="1" visitedClasses="0" numClasses="0" visitedMethods="0" numMethods="1" />
              <MetadataToken />
              <Name>System.UInt32 ReactiveUI.Uno.__Sources__.EmbeddedXamlSourcesProvider::get_UpdateCounter()</Name>
              <FileRef uid="25" />
              <SequencePoints>
                <SequencePoint vc="0" uspid="72" ordinal="0" sl="72" sc="1" el="72" ec="2" bec="0" bev="0" fileid="25" />
                <SequencePoint vc="0" uspid="73" ordinal="1" sl="73" sc="1" el="73" ec="2" bec="0" bev="0" fileid="25" />
                <SequencePoint vc="0" uspid="74" ordinal="2" sl="74" sc="1" el="74" ec="2" bec="0" bev="0" fileid="25" />
                <SequencePoint vc="0" uspid="75" ordinal="3" sl="75" sc="1" el="75" ec="2" bec="0" bev="0" fileid="25" />
              </SequencePoints>
              <BranchPoints />
              <MethodPoint vc="0" uspid="0" p8:type="SequencePoint" ordinal="1" offset="1" sc="0" sl="72" ec="1" el="75" bec="0" bev="0" fileid="25" xmlns:p8="xsi" />
            </Method>
            <Method cyclomaticComplexity="1" nPathComplexity="1" sequenceCoverage="0" branchCoverage="100" isConstructor="False" isGetter="False" isSetter="False" isStatic="True">
              <Summary numSequencePoints="1" visitedSequencePoints="0" numBranchPoints="0" visitedBranchPoints="0" sequenceCoverage="0" branchCoverage="100" maxCyclomaticComplexity="1" minCyclomaticComplexity="1" visitedClasses="0" numClasses="0" visitedMethods="0" numMethods="1" />
              <MetadataToken />
              <Name>System.Collections.Generic.IReadOnlyList`1&lt;System.String&gt; ReactiveUI.Uno.__Sources__.EmbeddedXamlSourcesProvider::GetXamlFilesList()</Name>
              <FileRef uid="25" />
              <SequencePoints>
                <SequencePoint vc="0" uspid="78" ordinal="0" sl="78" sc="1" el="78" ec="2" bec="0" bev="0" fileid="25" />
              </SequencePoints>
              <BranchPoints />
              <MethodPoint vc="0" uspid="0" p8:type="SequencePoint" ordinal="2" offset="2" sc="0" sl="78" ec="1" el="78" bec="0" bev="0" fileid="25" xmlns:p8="xsi" />
            </Method>
            <Method cyclomaticComplexity="2" nPathComplexity="2" sequenceCoverage="0" branchCoverage="0" isConstructor="False" isGetter="False" isSetter="False" isStatic="True">
              <Summary numSequencePoints="4" visitedSequencePoints="0" numBranchPoints="2" visitedBranchPoints="0" sequenceCoverage="0" branchCoverage="0" maxCyclomaticComplexity="2" minCyclomaticComplexity="2" visitedClasses="0" numClasses="0" visitedMethods="0" numMethods="1" />
              <MetadataToken />
              <Name>System.String ReactiveUI.Uno.__Sources__.EmbeddedXamlSourcesProvider::GetNormalizedFileName(System.String)</Name>
              <FileRef uid="25" />
              <SequencePoints>
                <SequencePoint vc="0" uspid="81" ordinal="0" sl="81" sc="1" el="81" ec="2" bec="0" bev="0" fileid="25" />
                <SequencePoint vc="0" uspid="84" ordinal="1" sl="84" sc="1" el="84" ec="2" bec="0" bev="0" fileid="25" />
                <SequencePoint vc="0" uspid="85" ordinal="2" sl="85" sc="1" el="85" ec="2" bec="2" bev="0" fileid="25" />
                <SequencePoint vc="0" uspid="86" ordinal="3" sl="86" sc="1" el="86" ec="2" bec="0" bev="0" fileid="25" />
              </SequencePoints>
              <BranchPoints>
                <BranchPoint vc="0" uspid="85" ordinal="0" path="0" offset="21" offsetend="23" sl="85" fileid="25" />
                <BranchPoint vc="0" uspid="85" ordinal="1" path="1" offset="21" offsetend="26" sl="85" fileid="25" />
              </BranchPoints>
              <MethodPoint vc="0" uspid="0" p8:type="SequencePoint" ordinal="3" offset="3" sc="0" sl="81" ec="1" el="86" bec="0" bev="0" fileid="25" xmlns:p8="xsi" />
            </Method>
            <Method cyclomaticComplexity="2" nPathComplexity="2" sequenceCoverage="0" branchCoverage="0" isConstructor="False" isGetter="False" isSetter="False" isStatic="True">
              <Summary numSequencePoints="8" visitedSequencePoints="0" numBranchPoints="2" visitedBranchPoints="0" sequenceCoverage="0" branchCoverage="0" maxCyclomaticComplexity="2" minCyclomaticComplexity="2" visitedClasses="0" numClasses="0" visitedMethods="0" numMethods="1" />
              <MetadataToken />
              <Name>System.Nullable`1&lt;System.ValueTuple`3&lt;System.String,System.String,System.String&gt;&gt; ReactiveUI.Uno.__Sources__.EmbeddedXamlSourcesProvider::GetXamlFile(System.String)</Name>
              <FileRef uid="25" />
              <SequencePoints>
                <SequencePoint vc="0" uspid="89" ordinal="0" sl="89" sc="1" el="89" ec="2" bec="0" bev="0" fileid="25" />
                <SequencePoint vc="0" uspid="90" ordinal="1" sl="90" sc="1" el="90" ec="2" bec="0" bev="0" fileid="25" />
                <SequencePoint vc="0" uspid="91" ordinal="2" sl="91" sc="1" el="91" ec="2" bec="2" bev="0" fileid="25" />
                <SequencePoint vc="0" uspid="92" ordinal="3" sl="92" sc="1" el="92" ec="2" bec="0" bev="0" fileid="25" />
                <SequencePoint vc="0" uspid="93" ordinal="4" sl="93" sc="1" el="93" ec="2" bec="0" bev="0" fileid="25" />
                <SequencePoint vc="0" uspid="94" ordinal="5" sl="94" sc="1" el="94" ec="2" bec="0" bev="0" fileid="25" />
                <SequencePoint vc="0" uspid="96" ordinal="6" sl="96" sc="1" el="96" ec="2" bec="0" bev="0" fileid="25" />
                <SequencePoint vc="0" uspid="97" ordinal="7" sl="97" sc="1" el="97" ec="2" bec="0" bev="0" fileid="25" />
              </SequencePoints>
              <BranchPoints>
                <BranchPoint vc="0" uspid="91" ordinal="0" path="0" offset="23" offsetend="25" sl="91" fileid="25" />
                <BranchPoint vc="0" uspid="91" ordinal="1" path="1" offset="23" offsetend="70" sl="91" fileid="25" />
              </BranchPoints>
              <MethodPoint vc="0" uspid="0" p8:type="SequencePoint" ordinal="4" offset="4" sc="0" sl="89" ec="1" el="97" bec="0" bev="0" fileid="25" xmlns:p8="xsi" />
            </Method>
            <Method cyclomaticComplexity="1" nPathComplexity="1" sequenceCoverage="0" branchCoverage="100" isConstructor="False" isGetter="False" isSetter="False" isStatic="True">
              <Summary numSequencePoints="1" visitedSequencePoints="0" numBranchPoints="0" visitedBranchPoints="0" sequenceCoverage="0" branchCoverage="100" maxCyclomaticComplexity="1" minCyclomaticComplexity="1" visitedClasses="0" numClasses="0" visitedMethods="0" numMethods="1" />
              <MetadataToken />
              <Name>System.String ReactiveUI.Uno.__Sources__.EmbeddedXamlSourcesProvider::NormalizePath(System.String)</Name>
              <FileRef uid="25" />
              <SequencePoints>
                <SequencePoint vc="0" uspid="99" ordinal="0" sl="99" sc="1" el="99" ec="2" bec="0" bev="0" fileid="25" />
              </SequencePoints>
              <BranchPoints />
              <MethodPoint vc="0" uspid="0" p8:type="SequencePoint" ordinal="5" offset="5" sc="0" sl="99" ec="1" el="99" bec="0" bev="0" fileid="25" xmlns:p8="xsi" />
            </Method>
            <Method cyclomaticComplexity="1" nPathComplexity="1" sequenceCoverage="0" branchCoverage="100" isConstructor="False" isGetter="False" isSetter="False" isStatic="True">
              <Summary numSequencePoints="12" visitedSequencePoints="0" numBranchPoints="0" visitedBranchPoints="0" sequenceCoverage="0" branchCoverage="100" maxCyclomaticComplexity="1" minCyclomaticComplexity="1" visitedClasses="0" numClasses="0" visitedMethods="0" numMethods="1" />
              <MetadataToken />
              <Name>System.ValueTuple`2&lt;System.String,System.String&gt; ReactiveUI.Uno.__Sources__.EmbeddedXamlSourcesProvider::GetSources_ReactiveUI_Uno_b1121af5885633c236ad5cfeeb1c5846()</Name>
              <FileRef uid="25" />
              <SequencePoints>
                <SequencePoint vc="0" uspid="103" ordinal="0" sl="103" sc="1" el="103" ec="2" bec="0" bev="0" fileid="25" />
                <SequencePoint vc="0" uspid="104" ordinal="1" sl="104" sc="1" el="104" ec="2" bec="0" bev="0" fileid="25" />
                <SequencePoint vc="0" uspid="105" ordinal="2" sl="105" sc="1" el="105" ec="2" bec="0" bev="0" fileid="25" />
                <SequencePoint vc="0" uspid="106" ordinal="3" sl="106" sc="1" el="106" ec="2" bec="0" bev="0" fileid="25" />
                <SequencePoint vc="0" uspid="107" ordinal="4" sl="107" sc="1" el="107" ec="2" bec="0" bev="0" fileid="25" />
                <SequencePoint vc="0" uspid="108" ordinal="5" sl="108" sc="1" el="108" ec="2" bec="0" bev="0" fileid="25" />
                <SequencePoint vc="0" uspid="109" ordinal="6" sl="109" sc="1" el="109" ec="2" bec="0" bev="0" fileid="25" />
                <SequencePoint vc="0" uspid="110" ordinal="7" sl="110" sc="1" el="110" ec="2" bec="0" bev="0" fileid="25" />
                <SequencePoint vc="0" uspid="111" ordinal="8" sl="111" sc="1" el="111" ec="2" bec="0" bev="0" fileid="25" />
                <SequencePoint vc="0" uspid="112" ordinal="9" sl="112" sc="1" el="112" ec="2" bec="0" bev="0" fileid="25" />
                <SequencePoint vc="0" uspid="113" ordinal="10" sl="113" sc="1" el="113" ec="2" bec="0" bev="0" fileid="25" />
                <SequencePoint vc="0" uspid="114" ordinal="11" sl="114" sc="1" el="114" ec="2" bec="0" bev="0" fileid="25" />
              </SequencePoints>
              <BranchPoints />
              <MethodPoint vc="0" uspid="0" p8:type="SequencePoint" ordinal="6" offset="6" sc="0" sl="103" ec="1" el="114" bec="0" bev="0" fileid="25" xmlns:p8="xsi" />
            </Method>
            <Method cyclomaticComplexity="1" nPathComplexity="1" sequenceCoverage="0" branchCoverage="100" isConstructor="True" isGetter="False" isSetter="False" isStatic="True">
              <Summary numSequencePoints="1" visitedSequencePoints="0" numBranchPoints="0" visitedBranchPoints="0" sequenceCoverage="0" branchCoverage="100" maxCyclomaticComplexity="1" minCyclomaticComplexity="1" visitedClasses="0" numClasses="0" visitedMethods="0" numMethods="1" />
              <MetadataToken />
              <Name>System.Void ReactiveUI.Uno.__Sources__.EmbeddedXamlSourcesProvider::.cctor()</Name>
              <FileRef uid="25" />
              <SequencePoints>
                <SequencePoint vc="0" uspid="34" ordinal="0" sl="34" sc="1" el="34" ec="2" bec="0" bev="0" fileid="25" />
              </SequencePoints>
              <BranchPoints />
              <MethodPoint vc="0" uspid="0" p8:type="SequencePoint" ordinal="7" offset="7" sc="0" sl="34" ec="1" el="34" bec="0" bev="0" fileid="25" xmlns:p8="xsi" />
            </Method>
          </Methods>
        </Class>
      </Classes>
    </Module>
  </Modules>
</CoverageSession>